


ARM Macro Assembler    Page 1 


    1 00000000 00000FE0 
                       Delay   EQU              4064
    2 00000000 400F6218 
                       GPIOSET EQU              0x400F6218
    3 00000000 400F6298 
                       GPIOCLR EQU              0x400F6298
    4 00000000 400F6018 
                       GPIO6DIR
                               EQU              0x400F6018
    5 00000000 400F6098 
                       GPIO6MASK
                               EQU              0x400F6098
    6 00000000 40086630 
                       SCU_PC_12
                               EQU              0x40086630
    7 00000000 40086634 
                       SCU_PC_13
                               EQU              0x40086634
    8 00000000 40044FD8 
                       CLR_EN  EQU              0x40044FD8
    9 00000000 40044FE8 
                       CLR_STAT
                               EQU              0x40044FE8
   10 00000000 40053100 
                       RESET_CTRL0
                               EQU              0x40053100
   11 00000000 40053104 
                       RESET_CTRL1
                               EQU              0x40053104
   12 00000000 40053110 
                       RESET_STATUS0
                               EQU              0x40053110
   13 00000000 4005311C 
                       RESET_STATUS3
                               EQU              0x4005311C
   14 00000000 40053154 
                       RESET_ACTIVE_STATUS1
                               EQU              0x40053154
   15 00000000 40043308 
                       M0SUBMEMMAP
                               EQU              0x40043308
   16 00000000 40043404 
                       M0APPMEMMAP
                               EQU              0x40043404
   17 00000000         
   18 00000000 5A5A5A5A 
                       Sign_Value
                               EQU              0x5A5A5A5A
   19 00000000 00000400 
                       STACK_SIZE
                               EQU              0x400
   20 00000000         
   21 00000000                 EXPORT           __initial_sp                [WE
AK]
   22 00000000                 EXPORT           Reset_Handler               [WE
AK]
   23 00000000                 EXPORT           NMI_Handler                 [WE
AK]
   24 00000000                 EXPORT           HardFault_Handler           [WE



ARM Macro Assembler    Page 2 


AK]
   25 00000000                 EXPORT           MemManage_Handler           [WE
AK]
   26 00000000                 EXPORT           BusFault_Handler            [WE
AK]
   27 00000000                 EXPORT           UsageFault_Handler          [WE
AK]
   28 00000000                 EXPORT           Sign_Value                  [WE
AK]
   29 00000000                 EXPORT           SVC_Handler                 [WE
AK]
   30 00000000                 EXPORT           DebugMon_Handler            [WE
AK]
   31 00000000                 EXPORT           PendSV_Handler              [WE
AK]
   32 00000000                 EXPORT           SysTick_Handler             [WE
AK]
   33 00000000                 EXPORT           DAC_IRQHandler              [WE
AK]
   34 00000000                 EXPORT           IPC_Slave2Master_IRQHandler [WE
AK]
   35 00000000         
   36 00000000                 AREA             STACK, NOINIT, READWRITE, ALIGN
=3
   37 00000000         Stack_Mem
                               SPACE            STACK_SIZE
   38 00000400         __initial_sp
   39 00000400         
   40 00000400                 AREA             M4, CODE, READONLY
   41 00000000                 ENTRY
   42 00000000                 THUMB
   43 00000000         Reset_Handler
                               PROC
   44 00000000         lp
   45 00000000         ;Main loop
   46 00000000 4810            ldr              r0,=GPIOSET ;
   47 00000002 6801            ldr              r1, [r0]    ;
   48 00000004 F5B1 5180       subs             r1, 0x1000  ;
   49 00000008 D003            beq              led_off     ;
   50 0000000A         ;Turn the LED on
   51 0000000A F44F 5180       ldr              r1,=0x1000  ;
   52 0000000E 6001            str              r1, [r0]    ;
   53 00000010         
   54 00000010 E003            b                delay       ;
   55 00000012         ;Turn the LED off
   56 00000012         led_off
   57 00000012 480D            ldr              r0,=GPIOCLR ;
   58 00000014 F44F 5180       ldr              r1,=0x1000  ;
   59 00000018 6001            str              r1, [r0]    ;
   60 0000001A         
   61 0000001A         delay
   62 0000001A         ;Make delay
   63 0000001A F44F 637E       mov              r3, #Delay  ;
   64 0000001E         
   65 0000001E         continue2
   66 0000001E F44F 607E       mov              r0, #Delay  ;
   67 00000022         continue1
   68 00000022 1E40            subs             r0, r0, 0x1 ;
   69 00000024 D1FD            bne              continue1   ;



ARM Macro Assembler    Page 3 


   70 00000026         
   71 00000026 1E5B            subs             r3, r3, 0x1 ;
   72 00000028 D1F9            bne              continue2   ;
   73 0000002A         
   74 0000002A E7E9            b                lp
   75 0000002C         
   76 0000002C                 ENDP
   77 0000002C         
   78 0000002C         NMI_Handler
                               PROC
   79 0000002C E7FE            b                NMI_Handler
   80 0000002E                 ENDP
   81 0000002E         
   82 0000002E         HardFault_Handler
                               PROC
   83 0000002E E7FE            b                HardFault_Handler
   84 00000030                 ENDP
   85 00000030         
   86 00000030         MemManage_Handler
                               PROC
   87 00000030 E7FE            b                MemManage_Handler
   88 00000032                 ENDP
   89 00000032         
   90 00000032         BusFault_Handler
                               PROC
   91 00000032 E7FE            b                BusFault_Handler
   92 00000034                 ENDP
   93 00000034         
   94 00000034         UsageFault_Handler
                               PROC
   95 00000034 E7FE            b                UsageFault_Handler
   96 00000036                 ENDP
   97 00000036         
   98 00000036         SVC_Handler
                               PROC
   99 00000036 E7FE            b                SVC_Handler
  100 00000038                 ENDP
  101 00000038         
  102 00000038         DebugMon_Handler
                               PROC
  103 00000038 E7FE            b                DebugMon_Handler
  104 0000003A                 ENDP
  105 0000003A         
  106 0000003A         PendSV_Handler
                               PROC
  107 0000003A E7FE            b                PendSV_Handler
  108 0000003C                 ENDP
  109 0000003C         
  110 0000003C         SysTick_Handler
                               PROC
  111 0000003C E7FE            b                SysTick_Handler
  112 0000003E                 ENDP
  113 0000003E         
  114 0000003E         DAC_IRQHandler
                               PROC
  115 0000003E E7FE            b                DAC_IRQHandler
  116 00000040                 ENDP
  117 00000040         
  118 00000040         IPC_Slave2Master_IRQHandler



ARM Macro Assembler    Page 4 


                               PROC
  119 00000040 E7FE            b                IPC_Slave2Master_IRQHandler
  120 00000042                 ENDP
  121 00000042                 END
              00 00 400F6218 
              400F6298 
Command Line: --debug --xref --cpu=Cortex-M4.fp --apcs=interwork --depend=M4.d 
-oM4.o -IC:\Keil\ARM\RV31\INC -IC:\Keil\ARM\CMSIS\Include -IC:\Keil\ARM\Inc\NXP
\LPC43xx --list=M4.lst M4.s



ARM Macro Assembler    Page 1 Alphabetic symbol ordering
Relocatable symbols

STACK 00000000

Symbol: STACK
   Definitions
      At line 36 in file M4.s
   Uses
      None
Comment: STACK unused
Stack_Mem 00000000

Symbol: Stack_Mem
   Definitions
      At line 37 in file M4.s
   Uses
      None
Comment: Stack_Mem unused
__initial_sp 00000400

Symbol: __initial_sp
   Definitions
      At line 38 in file M4.s
   Uses
      At line 21 in file M4.s
Comment: __initial_sp used once
3 symbols



ARM Macro Assembler    Page 1 Alphabetic symbol ordering
Relocatable symbols

BusFault_Handler 00000032

Symbol: BusFault_Handler
   Definitions
      At line 90 in file M4.s
   Uses
      At line 26 in file M4.s
      At line 91 in file M4.s

DAC_IRQHandler 0000003E

Symbol: DAC_IRQHandler
   Definitions
      At line 114 in file M4.s
   Uses
      At line 33 in file M4.s
      At line 115 in file M4.s

DebugMon_Handler 00000038

Symbol: DebugMon_Handler
   Definitions
      At line 102 in file M4.s
   Uses
      At line 30 in file M4.s
      At line 103 in file M4.s

HardFault_Handler 0000002E

Symbol: HardFault_Handler
   Definitions
      At line 82 in file M4.s
   Uses
      At line 24 in file M4.s
      At line 83 in file M4.s

IPC_Slave2Master_IRQHandler 00000040

Symbol: IPC_Slave2Master_IRQHandler
   Definitions
      At line 118 in file M4.s
   Uses
      At line 34 in file M4.s
      At line 119 in file M4.s

M4 00000000

Symbol: M4
   Definitions
      At line 40 in file M4.s
   Uses
      None
Comment: M4 unused
MemManage_Handler 00000030

Symbol: MemManage_Handler
   Definitions
      At line 86 in file M4.s
   Uses



ARM Macro Assembler    Page 2 Alphabetic symbol ordering
Relocatable symbols

      At line 25 in file M4.s
      At line 87 in file M4.s

NMI_Handler 0000002C

Symbol: NMI_Handler
   Definitions
      At line 78 in file M4.s
   Uses
      At line 23 in file M4.s
      At line 79 in file M4.s

PendSV_Handler 0000003A

Symbol: PendSV_Handler
   Definitions
      At line 106 in file M4.s
   Uses
      At line 31 in file M4.s
      At line 107 in file M4.s

Reset_Handler 00000000

Symbol: Reset_Handler
   Definitions
      At line 43 in file M4.s
   Uses
      At line 22 in file M4.s
Comment: Reset_Handler used once
SVC_Handler 00000036

Symbol: SVC_Handler
   Definitions
      At line 98 in file M4.s
   Uses
      At line 29 in file M4.s
      At line 99 in file M4.s

SysTick_Handler 0000003C

Symbol: SysTick_Handler
   Definitions
      At line 110 in file M4.s
   Uses
      At line 32 in file M4.s
      At line 111 in file M4.s

UsageFault_Handler 00000034

Symbol: UsageFault_Handler
   Definitions
      At line 94 in file M4.s
   Uses
      At line 27 in file M4.s
      At line 95 in file M4.s

continue1 00000022

Symbol: continue1



ARM Macro Assembler    Page 3 Alphabetic symbol ordering
Relocatable symbols

   Definitions
      At line 67 in file M4.s
   Uses
      At line 69 in file M4.s
Comment: continue1 used once
continue2 0000001E

Symbol: continue2
   Definitions
      At line 65 in file M4.s
   Uses
      At line 72 in file M4.s
Comment: continue2 used once
delay 0000001A

Symbol: delay
   Definitions
      At line 61 in file M4.s
   Uses
      At line 54 in file M4.s
Comment: delay used once
led_off 00000012

Symbol: led_off
   Definitions
      At line 56 in file M4.s
   Uses
      At line 49 in file M4.s
Comment: led_off used once
lp 00000000

Symbol: lp
   Definitions
      At line 44 in file M4.s
   Uses
      At line 74 in file M4.s
Comment: lp used once
18 symbols



ARM Macro Assembler    Page 1 Alphabetic symbol ordering
Absolute symbols

CLR_EN 40044FD8

Symbol: CLR_EN
   Definitions
      At line 8 in file M4.s
   Uses
      None
Comment: CLR_EN unused
CLR_STAT 40044FE8

Symbol: CLR_STAT
   Definitions
      At line 9 in file M4.s
   Uses
      None
Comment: CLR_STAT unused
Delay 00000FE0

Symbol: Delay
   Definitions
      At line 1 in file M4.s
   Uses
      At line 63 in file M4.s
      At line 66 in file M4.s

GPIO6DIR 400F6018

Symbol: GPIO6DIR
   Definitions
      At line 4 in file M4.s
   Uses
      None
Comment: GPIO6DIR unused
GPIO6MASK 400F6098

Symbol: GPIO6MASK
   Definitions
      At line 5 in file M4.s
   Uses
      None
Comment: GPIO6MASK unused
GPIOCLR 400F6298

Symbol: GPIOCLR
   Definitions
      At line 3 in file M4.s
   Uses
      At line 57 in file M4.s
Comment: GPIOCLR used once
GPIOSET 400F6218

Symbol: GPIOSET
   Definitions
      At line 2 in file M4.s
   Uses
      At line 46 in file M4.s
Comment: GPIOSET used once
M0APPMEMMAP 40043404




ARM Macro Assembler    Page 2 Alphabetic symbol ordering
Absolute symbols

Symbol: M0APPMEMMAP
   Definitions
      At line 16 in file M4.s
   Uses
      None
Comment: M0APPMEMMAP unused
M0SUBMEMMAP 40043308

Symbol: M0SUBMEMMAP
   Definitions
      At line 15 in file M4.s
   Uses
      None
Comment: M0SUBMEMMAP unused
RESET_ACTIVE_STATUS1 40053154

Symbol: RESET_ACTIVE_STATUS1
   Definitions
      At line 14 in file M4.s
   Uses
      None
Comment: RESET_ACTIVE_STATUS1 unused
RESET_CTRL0 40053100

Symbol: RESET_CTRL0
   Definitions
      At line 10 in file M4.s
   Uses
      None
Comment: RESET_CTRL0 unused
RESET_CTRL1 40053104

Symbol: RESET_CTRL1
   Definitions
      At line 11 in file M4.s
   Uses
      None
Comment: RESET_CTRL1 unused
RESET_STATUS0 40053110

Symbol: RESET_STATUS0
   Definitions
      At line 12 in file M4.s
   Uses
      None
Comment: RESET_STATUS0 unused
RESET_STATUS3 4005311C

Symbol: RESET_STATUS3
   Definitions
      At line 13 in file M4.s
   Uses
      None
Comment: RESET_STATUS3 unused
SCU_PC_12 40086630

Symbol: SCU_PC_12
   Definitions
      At line 6 in file M4.s



ARM Macro Assembler    Page 3 Alphabetic symbol ordering
Absolute symbols

   Uses
      None
Comment: SCU_PC_12 unused
SCU_PC_13 40086634

Symbol: SCU_PC_13
   Definitions
      At line 7 in file M4.s
   Uses
      None
Comment: SCU_PC_13 unused
STACK_SIZE 00000400

Symbol: STACK_SIZE
   Definitions
      At line 19 in file M4.s
   Uses
      At line 37 in file M4.s
Comment: STACK_SIZE used once
Sign_Value 5A5A5A5A

Symbol: Sign_Value
   Definitions
      At line 18 in file M4.s
   Uses
      At line 28 in file M4.s
Comment: Sign_Value used once
18 symbols
372 symbols in table
