


ARM Macro Assembler    Page 1 


    1 00000000                 IMPORT           __initial_sp_M0
    2 00000000                 IMPORT           Reset_Handler_M0
    3 00000000                 IMPORT           NMI_Handler_M0
    4 00000000                 IMPORT           HardFault_Handler_M0
    5 00000000                 IMPORT           MemManage_Handler_M0
    6 00000000                 IMPORT           BusFault_Handler_M0
    7 00000000                 IMPORT           UsageFault_Handler_M0
    8 00000000                 IMPORT           Sign_Value
    9 00000000                 IMPORT           SVC_Handler_M0
   10 00000000                 IMPORT           DebugMon_Handler_M0
   11 00000000                 IMPORT           PendSV_Handler_M0
   12 00000000                 IMPORT           SysTick_Handler_M0
   13 00000000                 IMPORT           DAC_IRQHandler_M0
   14 00000000                 IMPORT           IPC_Master2Slave_IRQHandler_M0
   15 00000000         
   16 00000000                 AREA             M0, CODE, READONLY
   17 00000000                 ENTRY
   18 00000000                 THUMB
   19 00000000 00000000        dcd              __initial_sp_M0
   20 00000004 00000000        dcd              Reset_Handler_M0
   21 00000008 00000000        dcd              NMI_Handler_M0
   22 0000000C 00000000        dcd              HardFault_Handler_M0
   23 00000010 00000000        dcd              MemManage_Handler_M0
   24 00000014 00000000        dcd              BusFault_Handler_M0
   25 00000018 00000000        dcd              UsageFault_Handler_M0
   26 0000001C 00000000        dcd              Sign_Value
   27 00000020 00000000        dcd              0
   28 00000024 00000000        dcd              0
   29 00000028 00000000        dcd              0
   30 0000002C 00000000        dcd              SVC_Handler_M0
   31 00000030 00000000        dcd              DebugMon_Handler_M0
   32 00000034 00000000        dcd              0
   33 00000038 00000000        dcd              PendSV_Handler_M0
   34 0000003C 00000000        dcd              SysTick_Handler_M0
   35 00000040 00000000        dcd              DAC_IRQHandler_M0
   36 00000044 00000000        dcd              IPC_Master2Slave_IRQHandler_M0
   37 00000048         
   38 00000048                 END
Command Line: --debug --xref --cpu=Cortex-M4.fp --apcs=interwork --depend=table
M0.d -otableM0.o -IC:\Keil\ARM\RV31\INC -IC:\Keil\ARM\CMSIS\Include -IC:\Keil\A
RM\Inc\NXP\LPC43xx --list=tableM0.lst tableM0.s



ARM Macro Assembler    Page 1 Alphabetic symbol ordering
Relocatable symbols

M0 00000000

Symbol: M0
   Definitions
      At line 16 in file tableM0.s
   Uses
      None
Comment: M0 unused
1 symbol



ARM Macro Assembler    Page 1 Alphabetic symbol ordering
External symbols

BusFault_Handler_M0 00000000

Symbol: BusFault_Handler_M0
   Definitions
      At line 6 in file tableM0.s
   Uses
      At line 24 in file tableM0.s
Comment: BusFault_Handler_M0 used once
DAC_IRQHandler_M0 00000000

Symbol: DAC_IRQHandler_M0
   Definitions
      At line 13 in file tableM0.s
   Uses
      At line 35 in file tableM0.s
Comment: DAC_IRQHandler_M0 used once
DebugMon_Handler_M0 00000000

Symbol: DebugMon_Handler_M0
   Definitions
      At line 10 in file tableM0.s
   Uses
      At line 31 in file tableM0.s
Comment: DebugMon_Handler_M0 used once
HardFault_Handler_M0 00000000

Symbol: HardFault_Handler_M0
   Definitions
      At line 4 in file tableM0.s
   Uses
      At line 22 in file tableM0.s
Comment: HardFault_Handler_M0 used once
IPC_Master2Slave_IRQHandler_M0 00000000

Symbol: IPC_Master2Slave_IRQHandler_M0
   Definitions
      At line 14 in file tableM0.s
   Uses
      At line 36 in file tableM0.s
Comment: IPC_Master2Slave_IRQHandler_M0 used once
MemManage_Handler_M0 00000000

Symbol: MemManage_Handler_M0
   Definitions
      At line 5 in file tableM0.s
   Uses
      At line 23 in file tableM0.s
Comment: MemManage_Handler_M0 used once
NMI_Handler_M0 00000000

Symbol: NMI_Handler_M0
   Definitions
      At line 3 in file tableM0.s
   Uses
      At line 21 in file tableM0.s
Comment: NMI_Handler_M0 used once
PendSV_Handler_M0 00000000

Symbol: PendSV_Handler_M0



ARM Macro Assembler    Page 2 Alphabetic symbol ordering
External symbols

   Definitions
      At line 11 in file tableM0.s
   Uses
      At line 33 in file tableM0.s
Comment: PendSV_Handler_M0 used once
Reset_Handler_M0 00000000

Symbol: Reset_Handler_M0
   Definitions
      At line 2 in file tableM0.s
   Uses
      At line 20 in file tableM0.s
Comment: Reset_Handler_M0 used once
SVC_Handler_M0 00000000

Symbol: SVC_Handler_M0
   Definitions
      At line 9 in file tableM0.s
   Uses
      At line 30 in file tableM0.s
Comment: SVC_Handler_M0 used once
Sign_Value 00000000

Symbol: Sign_Value
   Definitions
      At line 8 in file tableM0.s
   Uses
      At line 26 in file tableM0.s
Comment: Sign_Value used once
SysTick_Handler_M0 00000000

Symbol: SysTick_Handler_M0
   Definitions
      At line 12 in file tableM0.s
   Uses
      At line 34 in file tableM0.s
Comment: SysTick_Handler_M0 used once
UsageFault_Handler_M0 00000000

Symbol: UsageFault_Handler_M0
   Definitions
      At line 7 in file tableM0.s
   Uses
      At line 25 in file tableM0.s
Comment: UsageFault_Handler_M0 used once
__initial_sp_M0 00000000

Symbol: __initial_sp_M0
   Definitions
      At line 1 in file tableM0.s
   Uses
      At line 19 in file tableM0.s
Comment: __initial_sp_M0 used once
14 symbols
345 symbols in table
