


ARM Macro Assembler    Page 1 


    1 00000000 00000400 
                       STACK_SIZE
                               EQU              0x400
    2 00000000 5A5A5A5A 
                       Sign_Value
                               EQU              0x5A5A5A5A
    3 00000000         
    4 00000000 400F6218 
                       GPIOSET EQU              0x400F6218
    5 00000000 400F6298 
                       GPIOCLR EQU              0x400F6298
    6 00000000 FFFF1000 
                       LED     EQU              0xFFFF1000
    7 00000000 FFFF0000 
                       DELAY   EQU              0xFFFF0000
    8 00000000         
    9 00000000         
   10 00000000                 EXPORT           __initial_sp_M0                
[WEAK]
   11 00000000                 EXPORT           Reset_Handler_M0               
[WEAK]
   12 00000000                 EXPORT           NMI_Handler_M0                 
[WEAK]
   13 00000000                 EXPORT           HardFault_Handler_M0           
[WEAK]
   14 00000000                 EXPORT           MemManage_Handler_M0           
[WEAK]
   15 00000000                 EXPORT           BusFault_Handler_M0            
[WEAK]
   16 00000000                 EXPORT           UsageFault_Handler_M0          
[WEAK]
   17 00000000                 EXPORT           SVC_Handler_M0                 
[WEAK]
   18 00000000                 EXPORT           DebugMon_Handler_M0            
[WEAK]
   19 00000000                 EXPORT           PendSV_Handler_M0              
[WEAK]
   20 00000000                 EXPORT           SysTick_Handler_M0             
[WEAK]
   21 00000000                 EXPORT           DAC_IRQHandler_M0              
[WEAK]
   22 00000000                 EXPORT           IPC_Master2Slave_IRQHandler_M0 
[WEAK]
   23 00000000         
   24 00000000                 AREA             STACK, NOINIT, READWRITE
   25 00000000         Stack_Mem_M0
                               SPACE            STACK_SIZE
   26 00000400         __initial_sp_M0
   27 00000400         
   28 00000400                 AREA             M0, CODE, READONLY
   29 00000000         Reset_Handler_M0
                               PROC
   30 00000000         
   31 00000000                 THUMB
   32 00000000 BF00            nop
   33 00000002 4808            ldr              r0,=GPIOSET
   34 00000004 4908            ldr              r1,=GPIOCLR
   35 00000006 4A09            ldr              r2,=LED
   36 00000008         



ARM Macro Assembler    Page 2 


   37 00000008         ;Main loop
   38 00000008         lpb
   39 00000008         
   40 00000008         ;Turn the LED on
   41 00000008         ;str r2, [r0]
   42 00000008         
   43 00000008         ;Delay
   44 00000008         delay
   45 00000008         ;Make delay
   46 00000008 4B09            ldr              r3,=DELAY   ;
   47 0000000A         
   48 0000000A         continue2
   49 0000000A         ;ldr r0,=DELAY;
   50 0000000A         continue1
   51 0000000A         ;subs r0, r0, #0x1;
   52 0000000A         ;bne continue1;
   53 0000000A         
   54 0000000A         ;subs r3, r3, #0x1
   55 0000000A         ;bne continue1
   56 0000000A         ;beq ledoff
   57 0000000A         ;b continue2;
   58 0000000A         
   59 0000000A         ;Turn the LED off
   60 0000000A         ledoff
   61 0000000A         ;str r2, [r1]
   62 0000000A         
   63 0000000A E7FD            b                lpb
   64 0000000C                 ENDP
   65 0000000C         
   66 0000000C         NMI_Handler_M0
                               PROC
   67 0000000C E7FE            b                NMI_Handler_M0
   68 0000000E                 ENDP
   69 0000000E         
   70 0000000E         HardFault_Handler_M0
                               PROC
   71 0000000E E7FE            b                HardFault_Handler_M0
   72 00000010                 ENDP
   73 00000010         
   74 00000010         MemManage_Handler_M0
                               PROC
   75 00000010 E7FE            b                MemManage_Handler_M0
   76 00000012                 ENDP
   77 00000012         
   78 00000012         BusFault_Handler_M0
                               PROC
   79 00000012 E7FE            b                BusFault_Handler_M0
   80 00000014                 ENDP
   81 00000014         
   82 00000014         UsageFault_Handler_M0
                               PROC
   83 00000014 E7FE            b                UsageFault_Handler_M0
   84 00000016                 ENDP
   85 00000016         
   86 00000016         SVC_Handler_M0
                               PROC
   87 00000016 E7FE            b                SVC_Handler_M0
   88 00000018                 ENDP
   89 00000018         



ARM Macro Assembler    Page 3 


   90 00000018         DebugMon_Handler_M0
                               PROC
   91 00000018 E7FE            b                DebugMon_Handler_M0
   92 0000001A                 ENDP
   93 0000001A         
   94 0000001A         PendSV_Handler_M0
                               PROC
   95 0000001A E7FE            b                PendSV_Handler_M0
   96 0000001C                 ENDP
   97 0000001C         
   98 0000001C         SysTick_Handler_M0
                               PROC
   99 0000001C E7FE            b                SysTick_Handler_M0
  100 0000001E                 ENDP
  101 0000001E         
  102 0000001E         DAC_IRQHandler_M0
                               PROC
  103 0000001E E7FE            b                DAC_IRQHandler_M0
  104 00000020                 ENDP
  105 00000020         
  106 00000020         IPC_Master2Slave_IRQHandler_M0
                               PROC
  107 00000020 E7FE            b                IPC_Master2Slave_IRQHandler_M0
  108 00000022                 ENDP
  109 00000022                 END
              00 00 400F6218 
              400F6298 
              FFFF1000 
              FFFF0000 
Command Line: --debug --xref --cpu=Cortex-M4.fp --apcs=interwork --depend=M0.d 
-oM0.o -IC:\Keil\ARM\RV31\INC -IC:\Keil\ARM\CMSIS\Include -IC:\Keil\ARM\Inc\NXP
\LPC43xx --list=M0.lst M0.s



ARM Macro Assembler    Page 1 Alphabetic symbol ordering
Relocatable symbols

STACK 00000000

Symbol: STACK
   Definitions
      At line 24 in file M0.s
   Uses
      None
Comment: STACK unused
Stack_Mem_M0 00000000

Symbol: Stack_Mem_M0
   Definitions
      At line 25 in file M0.s
   Uses
      None
Comment: Stack_Mem_M0 unused
__initial_sp_M0 00000400

Symbol: __initial_sp_M0
   Definitions
      At line 26 in file M0.s
   Uses
      At line 10 in file M0.s
Comment: __initial_sp_M0 used once
3 symbols



ARM Macro Assembler    Page 1 Alphabetic symbol ordering
Relocatable symbols

BusFault_Handler_M0 00000012

Symbol: BusFault_Handler_M0
   Definitions
      At line 78 in file M0.s
   Uses
      At line 15 in file M0.s
      At line 79 in file M0.s

DAC_IRQHandler_M0 0000001E

Symbol: DAC_IRQHandler_M0
   Definitions
      At line 102 in file M0.s
   Uses
      At line 21 in file M0.s
      At line 103 in file M0.s

DebugMon_Handler_M0 00000018

Symbol: DebugMon_Handler_M0
   Definitions
      At line 90 in file M0.s
   Uses
      At line 18 in file M0.s
      At line 91 in file M0.s

HardFault_Handler_M0 0000000E

Symbol: HardFault_Handler_M0
   Definitions
      At line 70 in file M0.s
   Uses
      At line 13 in file M0.s
      At line 71 in file M0.s

IPC_Master2Slave_IRQHandler_M0 00000020

Symbol: IPC_Master2Slave_IRQHandler_M0
   Definitions
      At line 106 in file M0.s
   Uses
      At line 22 in file M0.s
      At line 107 in file M0.s

M0 00000000

Symbol: M0
   Definitions
      At line 28 in file M0.s
   Uses
      None
Comment: M0 unused
MemManage_Handler_M0 00000010

Symbol: MemManage_Handler_M0
   Definitions
      At line 74 in file M0.s
   Uses



ARM Macro Assembler    Page 2 Alphabetic symbol ordering
Relocatable symbols

      At line 14 in file M0.s
      At line 75 in file M0.s

NMI_Handler_M0 0000000C

Symbol: NMI_Handler_M0
   Definitions
      At line 66 in file M0.s
   Uses
      At line 12 in file M0.s
      At line 67 in file M0.s

PendSV_Handler_M0 0000001A

Symbol: PendSV_Handler_M0
   Definitions
      At line 94 in file M0.s
   Uses
      At line 19 in file M0.s
      At line 95 in file M0.s

Reset_Handler_M0 00000000

Symbol: Reset_Handler_M0
   Definitions
      At line 29 in file M0.s
   Uses
      At line 11 in file M0.s
Comment: Reset_Handler_M0 used once
SVC_Handler_M0 00000016

Symbol: SVC_Handler_M0
   Definitions
      At line 86 in file M0.s
   Uses
      At line 17 in file M0.s
      At line 87 in file M0.s

SysTick_Handler_M0 0000001C

Symbol: SysTick_Handler_M0
   Definitions
      At line 98 in file M0.s
   Uses
      At line 20 in file M0.s
      At line 99 in file M0.s

UsageFault_Handler_M0 00000014

Symbol: UsageFault_Handler_M0
   Definitions
      At line 82 in file M0.s
   Uses
      At line 16 in file M0.s
      At line 83 in file M0.s

continue1 0000000A

Symbol: continue1



ARM Macro Assembler    Page 3 Alphabetic symbol ordering
Relocatable symbols

   Definitions
      At line 50 in file M0.s
   Uses
      None
Comment: continue1 unused
continue2 0000000A

Symbol: continue2
   Definitions
      At line 48 in file M0.s
   Uses
      None
Comment: continue2 unused
delay 00000008

Symbol: delay
   Definitions
      At line 44 in file M0.s
   Uses
      None
Comment: delay unused
ledoff 0000000A

Symbol: ledoff
   Definitions
      At line 60 in file M0.s
   Uses
      None
Comment: ledoff unused
lpb 00000008

Symbol: lpb
   Definitions
      At line 38 in file M0.s
   Uses
      At line 63 in file M0.s
Comment: lpb used once
18 symbols



ARM Macro Assembler    Page 1 Alphabetic symbol ordering
Absolute symbols

DELAY FFFF0000

Symbol: DELAY
   Definitions
      At line 7 in file M0.s
   Uses
      At line 46 in file M0.s
Comment: DELAY used once
GPIOCLR 400F6298

Symbol: GPIOCLR
   Definitions
      At line 5 in file M0.s
   Uses
      At line 34 in file M0.s
Comment: GPIOCLR used once
GPIOSET 400F6218

Symbol: GPIOSET
   Definitions
      At line 4 in file M0.s
   Uses
      At line 33 in file M0.s
Comment: GPIOSET used once
LED FFFF1000

Symbol: LED
   Definitions
      At line 6 in file M0.s
   Uses
      At line 35 in file M0.s
Comment: LED used once
STACK_SIZE 00000400

Symbol: STACK_SIZE
   Definitions
      At line 1 in file M0.s
   Uses
      At line 25 in file M0.s
Comment: STACK_SIZE used once
Sign_Value 5A5A5A5A

Symbol: Sign_Value
   Definitions
      At line 2 in file M0.s
   Uses
      None
Comment: Sign_Value unused
6 symbols
360 symbols in table
