


ARM Macro Assembler    Page 1 


    1 00000000                 IMPORT           __initial_sp
    2 00000000                 IMPORT           Reset_Handler
    3 00000000                 IMPORT           NMI_Handler
    4 00000000                 IMPORT           HardFault_Handler
    5 00000000                 IMPORT           MemManage_Handler
    6 00000000                 IMPORT           BusFault_Handler
    7 00000000                 IMPORT           UsageFault_Handler
    8 00000000                 IMPORT           Sign_Value
    9 00000000                 IMPORT           SVC_Handler
   10 00000000                 IMPORT           DebugMon_Handler
   11 00000000                 IMPORT           PendSV_Handler
   12 00000000                 IMPORT           SysTick_Handler
   13 00000000                 IMPORT           DAC_IRQHandler
   14 00000000                 IMPORT           IPC_Slave2Master_IRQHandler
   15 00000000         
   16 00000000                 AREA             RESET, CODE, READONLY
   17 00000000                 THUMB
   18 00000000 00000000        dcd              __initial_sp
   19 00000004 00000001        dcd              Reset_Handler + 1
   20 00000008 00000000        dcd              NMI_Handler
   21 0000000C 00000000        dcd              HardFault_Handler
   22 00000010 00000000        dcd              MemManage_Handler
   23 00000014 00000000        dcd              BusFault_Handler
   24 00000018 00000000        dcd              UsageFault_Handler
   25 0000001C 00000000        dcd              Sign_Value
   26 00000020 00000000        dcd              0
   27 00000024 00000000        dcd              0
   28 00000028 00000000        dcd              0
   29 0000002C 00000000        dcd              SVC_Handler
   30 00000030 00000000        dcd              DebugMon_Handler
   31 00000034 00000000        dcd              0
   32 00000038 00000000        dcd              PendSV_Handler
   33 0000003C 00000000        dcd              SysTick_Handler
   34 00000040         
   35 00000040 00000000        dcd              DAC_IRQHandler
   36 00000044 00000000        dcd              IPC_Slave2Master_IRQHandler
   37 00000048         
   38 00000048                 END
Command Line: --debug --xref --cpu=Cortex-M4.fp --apcs=interwork --depend=table
.d -otable.o -IC:\Keil\ARM\RV31\INC -IC:\Keil\ARM\CMSIS\Include -IC:\Keil\ARM\I
nc\NXP\LPC43xx --list=table.lst table.s



ARM Macro Assembler    Page 1 Alphabetic symbol ordering
Relocatable symbols

RESET 00000000

Symbol: RESET
   Definitions
      At line 16 in file table.s
   Uses
      None
Comment: RESET unused
1 symbol



ARM Macro Assembler    Page 1 Alphabetic symbol ordering
External symbols

BusFault_Handler 00000000

Symbol: BusFault_Handler
   Definitions
      At line 6 in file table.s
   Uses
      At line 23 in file table.s
Comment: BusFault_Handler used once
DAC_IRQHandler 00000000

Symbol: DAC_IRQHandler
   Definitions
      At line 13 in file table.s
   Uses
      At line 35 in file table.s
Comment: DAC_IRQHandler used once
DebugMon_Handler 00000000

Symbol: DebugMon_Handler
   Definitions
      At line 10 in file table.s
   Uses
      At line 30 in file table.s
Comment: DebugMon_Handler used once
HardFault_Handler 00000000

Symbol: HardFault_Handler
   Definitions
      At line 4 in file table.s
   Uses
      At line 21 in file table.s
Comment: HardFault_Handler used once
IPC_Slave2Master_IRQHandler 00000000

Symbol: IPC_Slave2Master_IRQHandler
   Definitions
      At line 14 in file table.s
   Uses
      At line 36 in file table.s
Comment: IPC_Slave2Master_IRQHandler used once
MemManage_Handler 00000000

Symbol: MemManage_Handler
   Definitions
      At line 5 in file table.s
   Uses
      At line 22 in file table.s
Comment: MemManage_Handler used once
NMI_Handler 00000000

Symbol: NMI_Handler
   Definitions
      At line 3 in file table.s
   Uses
      At line 20 in file table.s
Comment: NMI_Handler used once
PendSV_Handler 00000000

Symbol: PendSV_Handler



ARM Macro Assembler    Page 2 Alphabetic symbol ordering
External symbols

   Definitions
      At line 11 in file table.s
   Uses
      At line 32 in file table.s
Comment: PendSV_Handler used once
Reset_Handler 00000000

Symbol: Reset_Handler
   Definitions
      At line 2 in file table.s
   Uses
      At line 19 in file table.s
Comment: Reset_Handler used once
SVC_Handler 00000000

Symbol: SVC_Handler
   Definitions
      At line 9 in file table.s
   Uses
      At line 29 in file table.s
Comment: SVC_Handler used once
Sign_Value 00000000

Symbol: Sign_Value
   Definitions
      At line 8 in file table.s
   Uses
      At line 25 in file table.s
Comment: Sign_Value used once
SysTick_Handler 00000000

Symbol: SysTick_Handler
   Definitions
      At line 12 in file table.s
   Uses
      At line 33 in file table.s
Comment: SysTick_Handler used once
UsageFault_Handler 00000000

Symbol: UsageFault_Handler
   Definitions
      At line 7 in file table.s
   Uses
      At line 24 in file table.s
Comment: UsageFault_Handler used once
__initial_sp 00000000

Symbol: __initial_sp
   Definitions
      At line 1 in file table.s
   Uses
      At line 18 in file table.s
Comment: __initial_sp used once
14 symbols
345 symbols in table
