


ARM Macro Assembler    Page 1 


    1 00000000 01000000 
                       DELAY_BEFORE_START
                               EQU              0x01000000
    2 00000000 5A5A5A5A 
                       Sign_Value
                               EQU              0x5A5A5A5A
    3 00000000 00000400 
                       STACK_SIZE
                               EQU              0x00000400
    4 00000000         
    5 00000000 40086784 
                       SCU_PF_1
                               EQU              0x40086784
    6 00000000 40086788 
                       SCU_PF_2
                               EQU              0x40086788
    7 00000000 4008678C 
                       SCU_PF_3
                               EQU              0x4008678C
    8 00000000 400867A4 
                       SCU_PF_9
                               EQU              0x400867A4
    9 00000000 4008630C 
                       SCU_P6_3
                               EQU              0x4008630C
   10 00000000 40086318 
                       SCU_P6_6
                               EQU              0x40086318
   11 00000000 40086688 
                       SCU_PD_2
                               EQU              0x40086688
   12 00000000 4008639C 
                       SCU_P7_7
                               EQU              0x4008639C
   13 00000000 40086400 
                       SCU_P8_0
                               EQU              0x40086400
   14 00000000 40086388 
                       SCU_P7_2
                               EQU              0x40086388
   15 00000000         
   16 00000000 40101000 
                       OUT_MUX_CFG0
                               EQU              0x40101000
   17 00000000 40101004 
                       OUT_MUX_CFG1
                               EQU              0x40101004
   18 00000000 40101008 
                       OUT_MUX_CFG2
                               EQU              0x40101008
   19 00000000 4010100C 
                       OUT_MUX_CFG3
                               EQU              0x4010100C
   20 00000000 40101010 
                       OUT_MUX_CFG4
                               EQU              0x40101010
   21 00000000 40101014 
                       OUT_MUX_CFG5
                               EQU              0x40101014



ARM Macro Assembler    Page 2 


   22 00000000 40101018 
                       OUT_MUX_CFG6
                               EQU              0x40101018
   23 00000000 4010101C 
                       OUT_MUX_CFG7
                               EQU              0x4010101C
   24 00000000 40101020 
                       OUT_MUX_CFG8
                               EQU              0x40101020
   25 00000000         
   26 00000000 40101040 
                       SGPIO_MUX_CFGA
                               EQU              0x40101040
   27 00000000 40101080 
                       SLICE_MUX_CFG0
                               EQU              0x40101080
   28 00000000 401010C0 
                       REGA    EQU              0x401010C0
   29 00000000 40101100 
                       REGA_SS EQU              0x40101100
   30 00000000 40101140 
                       PRESET0 EQU              0x40101140
   31 00000000 40101180 
                       COUNT0  EQU              0x40101180
   32 00000000 401011C0 
                       POS0    EQU              0x401011C0
   33 00000000 4010121C 
                       CTRL_ENABLED
                               EQU              0x4010121C
   34 00000000 40101218 
                       GPIO_OENREG
                               EQU              0x40101218
   35 00000000         
   36 00000000         ;CONSTANT               EQU 0xFFFFFFFF
   37 00000000         ;CONSTANT               EQU 0x00000040
   38 00000000         ;CONSTANT               EQU 0x0
   39 00000000 FFAA5500 
                       CONSTANT
                               EQU              0xFFAA5500
   40 00000000         
   41 00000000                 EXPORT           STACK_SIZE         [WEAK]
   42 00000000                 EXPORT           Reset_Handler      [WEAK]
   43 00000000                 EXPORT           NMI_Handler        [WEAK]
   44 00000000                 EXPORT           HardFault_Handler  [WEAK]
   45 00000000                 EXPORT           MemManage_Handler  [WEAK]
   46 00000000                 EXPORT           BusFault_Handler   [WEAK]
   47 00000000                 EXPORT           UsageFault_Handler [WEAK]
   48 00000000                 EXPORT           Sign_Value         [WEAK]
   49 00000000                 EXPORT           SVC_Handler        [WEAK]
   50 00000000                 EXPORT           DebugMon_Handler   [WEAK]
   51 00000000                 EXPORT           PendSV_Handler     [WEAK]
   52 00000000                 EXPORT           SysTick_Handler    [WEAK]
   53 00000000         
   54 00000000                 AREA             STACK, NOINIT, READWRITE, ALIGN
=3
   55 00000000         Stack_Mem
                               SPACE            STACK_SIZE
   56 00000400         __initial_sp
   57 00000400         



ARM Macro Assembler    Page 3 


   58 00000400                 AREA             beg, CODE, READONLY
   59 00000000                 ENTRY
   60 00000000         
   61 00000000         Reset_Handler
                               PROC
   62 00000000         ;Make delay before actual start (for JTAG)
   63 00000000 F04F 7080       ldr              r0,=DELAY_BEFORE_START
   64 00000004         delay
   65 00000004 3801            subs             r0,#0x01
   66 00000006 D1FD            bne              delay
   67 00000008         
   68 00000008         ;Set up SCUs
   69 00000008 482C            ldr              r0,=SCU_PF_1
   70 0000000A F04F 0106       ldr              r1,=0x6
   71 0000000E 6001            str              r1, [r0]
   72 00000010         
   73 00000010 482B            ldr              r0,=SCU_PF_2
   74 00000012 6001            str              r1, [r0]
   75 00000014         
   76 00000014 482B            ldr              r0,=SCU_PF_3
   77 00000016 6001            str              r1, [r0]
   78 00000018         
   79 00000018 482B            ldr              r0,=SCU_PF_9
   80 0000001A 6001            str              r1, [r0]
   81 0000001C         
   82 0000001C 482B            ldr              r0,=SCU_P6_3
   83 0000001E F04F 0102       ldr              r1,=0x2
   84 00000022 6001            str              r1, [r0]
   85 00000024         
   86 00000024 482A            ldr              r0,=SCU_P6_6
   87 00000026 6001            str              r1, [r0]
   88 00000028         
   89 00000028 482A            ldr              r0,=SCU_P7_7
   90 0000002A F04F 0107       ldr              r1,=0x7
   91 0000002E 6001            str              r1, [r0]
   92 00000030         
   93 00000030 4829            ldr              r0,=SCU_PD_2
   94 00000032 6001            str              r1, [r0]
   95 00000034         
   96 00000034 4829            ldr              r0,=SCU_P7_2
   97 00000036 6001            str              r1, [r0]
   98 00000038         
   99 00000038 4829            ldr              r0,=SCU_P8_0
  100 0000003A F04F 0104       ldr              r1,=0x4
  101 0000003E 6001            str              r1, [r0]
  102 00000040         
  103 00000040         ;Set up 8-bit 8a mode
  104 00000040         ;Slice A
  105 00000040 4828            ldr              r0,=OUT_MUX_CFG0
  106 00000042 F04F 0109       ldr              r1,=0x9
  107 00000046 6001            str              r1, [r0]
  108 00000048         
  109 00000048 4827            ldr              r0,=OUT_MUX_CFG1
  110 0000004A 6001            str              r1, [r0]
  111 0000004C         
  112 0000004C 4827            ldr              r0,=OUT_MUX_CFG2
  113 0000004E 6001            str              r1, [r0]
  114 00000050         
  115 00000050 4827            ldr              r0,=OUT_MUX_CFG3



ARM Macro Assembler    Page 4 


  116 00000052 6001            str              r1, [r0]
  117 00000054         
  118 00000054 4827            ldr              r0,=OUT_MUX_CFG4
  119 00000056 6001            str              r1, [r0]
  120 00000058         
  121 00000058 4827            ldr              r0,=OUT_MUX_CFG5
  122 0000005A 6001            str              r1, [r0]
  123 0000005C         
  124 0000005C 4827            ldr              r0,=OUT_MUX_CFG6
  125 0000005E 6001            str              r1, [r0]
  126 00000060         
  127 00000060 4827            ldr              r0,=OUT_MUX_CFG7
  128 00000062 6001            str              r1, [r0]
  129 00000064         
  130 00000064         ;SGPIO8 - Ack
  131 00000064 4827            ldr              r0,=OUT_MUX_CFG8
  132 00000066 F04F 0108       ldr              r1,=0x8
  133 0000006A 6001            str              r1, [r0]
  134 0000006C         
  135 0000006C         ;Set up SGPIO_MUX_CFGA
  136 0000006C 4826            ldr              r0,=SGPIO_MUX_CFGA
  137 0000006E F44F 6100       ldr              r1,=0x800
  138 00000072 6001            str              r1, [r0]
  139 00000074         
  140 00000074         ;Set up SLICE_MUX_CFG0
  141 00000074 4825            ldr              r0,=SLICE_MUX_CFG0
  142 00000076 F04F 01C0       ldr              r1,=0xC0
  143 0000007A 6001            str              r1, [r0]
  144 0000007C         
  145 0000007C         ;Set up REGA
  146 0000007C 4824            ldr              r0,=REGA
  147 0000007E 4925            ldr              r1,=CONSTANT
  148 00000080 6001            str              r1, [r0]
  149 00000082         
  150 00000082         ;Set up REGA_SS 
  151 00000082 4825            ldr              r0,=REGA_SS
  152 00000084 4923            ldr              r1,=CONSTANT
  153 00000086 6001            str              r1, [r0]
  154 00000088         
  155 00000088         ;Set up PRESET0
  156 00000088 4824            ldr              r0,=PRESET0
  157 0000008A F04F 0100       ldr              r1,=0x00
  158 0000008E 6001            str              r1, [r0]
  159 00000090         
  160 00000090         ;Set up COUNT0
  161 00000090         ;ldr r0,=COUNT0
  162 00000090         ;ldr r1,=0x01
  163 00000090         ;str r1, [r0]
  164 00000090         
  165 00000090         ;Set up POS0
  166 00000090 4823            ldr              r0,=POS0
  167 00000092 F44F 417F       ldr              r1,=0xFF00
  168 00000096 6001            str              r1, [r0]
  169 00000098         
  170 00000098         ;Enable pins
  171 00000098 4822            ldr              r0,=GPIO_OENREG
  172 0000009A F240 11FF       ldr              r1,=0x1FF
  173 0000009E 6001            str              r1, [r0]
  174 000000A0         



ARM Macro Assembler    Page 5 


  175 000000A0         ;Enable counter
  176 000000A0 4821            ldr              r0,=CTRL_ENABLED
  177 000000A2 F04F 0101       ldr              r1,=0x1
  178 000000A6 6001            str              r1, [r0]
  179 000000A8         
  180 000000A8         lp
  181 000000A8 E7FE            b                lp
  182 000000AA                 ENDP
  183 000000AA         
  184 000000AA         NMI_Handler
                               PROC
  185 000000AA E7FE            b                Reset_Handler
  186 000000AC                 ENDP
  187 000000AC         
  188 000000AC         HardFault_Handler
                               PROC
  189 000000AC E7FE            b                Reset_Handler
  190 000000AE                 ENDP
  191 000000AE         
  192 000000AE         MemManage_Handler
                               PROC
  193 000000AE E7FE            b                Reset_Handler
  194 000000B0                 ENDP
  195 000000B0         
  196 000000B0         BusFault_Handler
                               PROC
  197 000000B0 E7FE            b                Reset_Handler
  198 000000B2                 ENDP
  199 000000B2         
  200 000000B2         UsageFault_Handler
                               PROC
  201 000000B2 E7FE            b                Reset_Handler
  202 000000B4                 ENDP
  203 000000B4         
  204 000000B4         SVC_Handler
                               PROC
  205 000000B4 E7FE            b                Reset_Handler
  206 000000B6                 ENDP
  207 000000B6         
  208 000000B6         DebugMon_Handler
                               PROC
  209 000000B6 E7FE            b                Reset_Handler
  210 000000B8                 ENDP
  211 000000B8         
  212 000000B8         PendSV_Handler
                               PROC
  213 000000B8 E7FE            b                Reset_Handler
  214 000000BA                 ENDP
  215 000000BA         
  216 000000BA         SysTick_Handler
                               PROC
  217 000000BA E7FE            b                Reset_Handler
  218 000000BC                 ENDP
  219 000000BC                 END
              40086784 
              40086788 
              4008678C 
              400867A4 
              4008630C 



ARM Macro Assembler    Page 6 


              40086318 
              4008639C 
              40086688 
              40086388 
              40086400 
              40101000 
              40101004 
              40101008 
              4010100C 
              40101010 
              40101014 
              40101018 
              4010101C 
              40101020 
              40101040 
              40101080 
              401010C0 
              FFAA5500 
              40101100 
              40101140 
              401011C0 
              40101218 
              4010121C 
Command Line: --debug --xref --cpu=Cortex-M4.fp --apcs=interwork --depend=sgpio
.d -osgpio.o -IC:\Keil\ARM\RV31\INC -IC:\Keil\ARM\CMSIS\Include -IC:\Keil\ARM\I
nc\NXP\LPC43xx --list=sgpio.lst sgpio.s



ARM Macro Assembler    Page 1 Alphabetic symbol ordering
Relocatable symbols

STACK 00000000

Symbol: STACK
   Definitions
      At line 54 in file sgpio.s
   Uses
      None
Comment: STACK unused
Stack_Mem 00000000

Symbol: Stack_Mem
   Definitions
      At line 55 in file sgpio.s
   Uses
      None
Comment: Stack_Mem unused
__initial_sp 00000400

Symbol: __initial_sp
   Definitions
      At line 56 in file sgpio.s
   Uses
      None
Comment: __initial_sp unused
3 symbols



ARM Macro Assembler    Page 1 Alphabetic symbol ordering
Relocatable symbols

BusFault_Handler 000000B0

Symbol: BusFault_Handler
   Definitions
      At line 196 in file sgpio.s
   Uses
      At line 46 in file sgpio.s
Comment: BusFault_Handler used once
DebugMon_Handler 000000B6

Symbol: DebugMon_Handler
   Definitions
      At line 208 in file sgpio.s
   Uses
      At line 50 in file sgpio.s
Comment: DebugMon_Handler used once
HardFault_Handler 000000AC

Symbol: HardFault_Handler
   Definitions
      At line 188 in file sgpio.s
   Uses
      At line 44 in file sgpio.s
Comment: HardFault_Handler used once
MemManage_Handler 000000AE

Symbol: MemManage_Handler
   Definitions
      At line 192 in file sgpio.s
   Uses
      At line 45 in file sgpio.s
Comment: MemManage_Handler used once
NMI_Handler 000000AA

Symbol: NMI_Handler
   Definitions
      At line 184 in file sgpio.s
   Uses
      At line 43 in file sgpio.s
Comment: NMI_Handler used once
PendSV_Handler 000000B8

Symbol: PendSV_Handler
   Definitions
      At line 212 in file sgpio.s
   Uses
      At line 51 in file sgpio.s
Comment: PendSV_Handler used once
Reset_Handler 00000000

Symbol: Reset_Handler
   Definitions
      At line 61 in file sgpio.s
   Uses
      At line 42 in file sgpio.s
      At line 185 in file sgpio.s
      At line 189 in file sgpio.s
      At line 193 in file sgpio.s
      At line 197 in file sgpio.s



ARM Macro Assembler    Page 2 Alphabetic symbol ordering
Relocatable symbols

      At line 201 in file sgpio.s
      At line 205 in file sgpio.s
      At line 209 in file sgpio.s
      At line 213 in file sgpio.s
      At line 217 in file sgpio.s

SVC_Handler 000000B4

Symbol: SVC_Handler
   Definitions
      At line 204 in file sgpio.s
   Uses
      At line 49 in file sgpio.s
Comment: SVC_Handler used once
SysTick_Handler 000000BA

Symbol: SysTick_Handler
   Definitions
      At line 216 in file sgpio.s
   Uses
      At line 52 in file sgpio.s
Comment: SysTick_Handler used once
UsageFault_Handler 000000B2

Symbol: UsageFault_Handler
   Definitions
      At line 200 in file sgpio.s
   Uses
      At line 47 in file sgpio.s
Comment: UsageFault_Handler used once
beg 00000000

Symbol: beg
   Definitions
      At line 58 in file sgpio.s
   Uses
      None
Comment: beg unused
delay 00000004

Symbol: delay
   Definitions
      At line 64 in file sgpio.s
   Uses
      At line 66 in file sgpio.s
Comment: delay used once
lp 000000A8

Symbol: lp
   Definitions
      At line 180 in file sgpio.s
   Uses
      At line 181 in file sgpio.s
Comment: lp used once
13 symbols



ARM Macro Assembler    Page 1 Alphabetic symbol ordering
Absolute symbols

CONSTANT FFAA5500

Symbol: CONSTANT
   Definitions
      At line 39 in file sgpio.s
   Uses
      At line 147 in file sgpio.s
      At line 152 in file sgpio.s

COUNT0 40101180

Symbol: COUNT0
   Definitions
      At line 31 in file sgpio.s
   Uses
      None
Comment: COUNT0 unused
CTRL_ENABLED 4010121C

Symbol: CTRL_ENABLED
   Definitions
      At line 33 in file sgpio.s
   Uses
      At line 176 in file sgpio.s
Comment: CTRL_ENABLED used once
DELAY_BEFORE_START 01000000

Symbol: DELAY_BEFORE_START
   Definitions
      At line 1 in file sgpio.s
   Uses
      At line 63 in file sgpio.s
Comment: DELAY_BEFORE_START used once
GPIO_OENREG 40101218

Symbol: GPIO_OENREG
   Definitions
      At line 34 in file sgpio.s
   Uses
      At line 171 in file sgpio.s
Comment: GPIO_OENREG used once
OUT_MUX_CFG0 40101000

Symbol: OUT_MUX_CFG0
   Definitions
      At line 16 in file sgpio.s
   Uses
      At line 105 in file sgpio.s
Comment: OUT_MUX_CFG0 used once
OUT_MUX_CFG1 40101004

Symbol: OUT_MUX_CFG1
   Definitions
      At line 17 in file sgpio.s
   Uses
      At line 109 in file sgpio.s
Comment: OUT_MUX_CFG1 used once
OUT_MUX_CFG2 40101008




ARM Macro Assembler    Page 2 Alphabetic symbol ordering
Absolute symbols

Symbol: OUT_MUX_CFG2
   Definitions
      At line 18 in file sgpio.s
   Uses
      At line 112 in file sgpio.s
Comment: OUT_MUX_CFG2 used once
OUT_MUX_CFG3 4010100C

Symbol: OUT_MUX_CFG3
   Definitions
      At line 19 in file sgpio.s
   Uses
      At line 115 in file sgpio.s
Comment: OUT_MUX_CFG3 used once
OUT_MUX_CFG4 40101010

Symbol: OUT_MUX_CFG4
   Definitions
      At line 20 in file sgpio.s
   Uses
      At line 118 in file sgpio.s
Comment: OUT_MUX_CFG4 used once
OUT_MUX_CFG5 40101014

Symbol: OUT_MUX_CFG5
   Definitions
      At line 21 in file sgpio.s
   Uses
      At line 121 in file sgpio.s
Comment: OUT_MUX_CFG5 used once
OUT_MUX_CFG6 40101018

Symbol: OUT_MUX_CFG6
   Definitions
      At line 22 in file sgpio.s
   Uses
      At line 124 in file sgpio.s
Comment: OUT_MUX_CFG6 used once
OUT_MUX_CFG7 4010101C

Symbol: OUT_MUX_CFG7
   Definitions
      At line 23 in file sgpio.s
   Uses
      At line 127 in file sgpio.s
Comment: OUT_MUX_CFG7 used once
OUT_MUX_CFG8 40101020

Symbol: OUT_MUX_CFG8
   Definitions
      At line 24 in file sgpio.s
   Uses
      At line 131 in file sgpio.s
Comment: OUT_MUX_CFG8 used once
POS0 401011C0

Symbol: POS0
   Definitions
      At line 32 in file sgpio.s



ARM Macro Assembler    Page 3 Alphabetic symbol ordering
Absolute symbols

   Uses
      At line 166 in file sgpio.s
Comment: POS0 used once
PRESET0 40101140

Symbol: PRESET0
   Definitions
      At line 30 in file sgpio.s
   Uses
      At line 156 in file sgpio.s
Comment: PRESET0 used once
REGA 401010C0

Symbol: REGA
   Definitions
      At line 28 in file sgpio.s
   Uses
      At line 146 in file sgpio.s
Comment: REGA used once
REGA_SS 40101100

Symbol: REGA_SS
   Definitions
      At line 29 in file sgpio.s
   Uses
      At line 151 in file sgpio.s
Comment: REGA_SS used once
SCU_P6_3 4008630C

Symbol: SCU_P6_3
   Definitions
      At line 9 in file sgpio.s
   Uses
      At line 82 in file sgpio.s
Comment: SCU_P6_3 used once
SCU_P6_6 40086318

Symbol: SCU_P6_6
   Definitions
      At line 10 in file sgpio.s
   Uses
      At line 86 in file sgpio.s
Comment: SCU_P6_6 used once
SCU_P7_2 40086388

Symbol: SCU_P7_2
   Definitions
      At line 14 in file sgpio.s
   Uses
      At line 96 in file sgpio.s
Comment: SCU_P7_2 used once
SCU_P7_7 4008639C

Symbol: SCU_P7_7
   Definitions
      At line 12 in file sgpio.s
   Uses
      At line 89 in file sgpio.s
Comment: SCU_P7_7 used once



ARM Macro Assembler    Page 4 Alphabetic symbol ordering
Absolute symbols

SCU_P8_0 40086400

Symbol: SCU_P8_0
   Definitions
      At line 13 in file sgpio.s
   Uses
      At line 99 in file sgpio.s
Comment: SCU_P8_0 used once
SCU_PD_2 40086688

Symbol: SCU_PD_2
   Definitions
      At line 11 in file sgpio.s
   Uses
      At line 93 in file sgpio.s
Comment: SCU_PD_2 used once
SCU_PF_1 40086784

Symbol: SCU_PF_1
   Definitions
      At line 5 in file sgpio.s
   Uses
      At line 69 in file sgpio.s
Comment: SCU_PF_1 used once
SCU_PF_2 40086788

Symbol: SCU_PF_2
   Definitions
      At line 6 in file sgpio.s
   Uses
      At line 73 in file sgpio.s
Comment: SCU_PF_2 used once
SCU_PF_3 4008678C

Symbol: SCU_PF_3
   Definitions
      At line 7 in file sgpio.s
   Uses
      At line 76 in file sgpio.s
Comment: SCU_PF_3 used once
SCU_PF_9 400867A4

Symbol: SCU_PF_9
   Definitions
      At line 8 in file sgpio.s
   Uses
      At line 79 in file sgpio.s
Comment: SCU_PF_9 used once
SGPIO_MUX_CFGA 40101040

Symbol: SGPIO_MUX_CFGA
   Definitions
      At line 26 in file sgpio.s
   Uses
      At line 136 in file sgpio.s
Comment: SGPIO_MUX_CFGA used once
SLICE_MUX_CFG0 40101080

Symbol: SLICE_MUX_CFG0



ARM Macro Assembler    Page 5 Alphabetic symbol ordering
Absolute symbols

   Definitions
      At line 27 in file sgpio.s
   Uses
      At line 141 in file sgpio.s
Comment: SLICE_MUX_CFG0 used once
STACK_SIZE 00000400

Symbol: STACK_SIZE
   Definitions
      At line 3 in file sgpio.s
   Uses
      At line 41 in file sgpio.s
      At line 55 in file sgpio.s

Sign_Value 5A5A5A5A

Symbol: Sign_Value
   Definitions
      At line 2 in file sgpio.s
   Uses
      At line 48 in file sgpio.s
Comment: Sign_Value used once
32 symbols
381 symbols in table
