


ARM Macro Assembler    Page 1 


    1 00000000 02000000 
                       DELAY_BEFORE_START
                               EQU              0x02000000
    2 00000000 5A5A5A5A 
                       Sign_Value
                               EQU              0x5A5A5A5A
    3 00000000 00000400 
                       STACK_SIZE
                               EQU              0x00000400
    4 00000000         
    5 00000000 40086784 
                       SCU_PF_1
                               EQU              0x40086784
    6 00000000 40086788 
                       SCU_PF_2
                               EQU              0x40086788
    7 00000000 4008678C 
                       SCU_PF_3
                               EQU              0x4008678C
    8 00000000 400867A4 
                       SCU_PF_9
                               EQU              0x400867A4
    9 00000000 4008630C 
                       SCU_P6_3
                               EQU              0x4008630C
   10 00000000 40086318 
                       SCU_P6_6
                               EQU              0x40086318
   11 00000000 40086688 
                       SCU_PD_2
                               EQU              0x40086688
   12 00000000 4008639C 
                       SCU_P7_7
                               EQU              0x4008639C
   13 00000000 40086400 
                       SCU_P8_0
                               EQU              0x40086400
   14 00000000 40086388 
                       SCU_P7_2
                               EQU              0x40086388
   15 00000000         
   16 00000000 40101000 
                       OUT_MUX_CFG0
                               EQU              0x40101000
   17 00000000 40101004 
                       OUT_MUX_CFG1
                               EQU              0x40101004
   18 00000000 40101008 
                       OUT_MUX_CFG2
                               EQU              0x40101008
   19 00000000 4010100C 
                       OUT_MUX_CFG3
                               EQU              0x4010100C
   20 00000000 40101010 
                       OUT_MUX_CFG4
                               EQU              0x40101010
   21 00000000 40101014 
                       OUT_MUX_CFG5
                               EQU              0x40101014



ARM Macro Assembler    Page 2 


   22 00000000 40101018 
                       OUT_MUX_CFG6
                               EQU              0x40101018
   23 00000000 4010101C 
                       OUT_MUX_CFG7
                               EQU              0x4010101C
   24 00000000 40101020 
                       OUT_MUX_CFG8
                               EQU              0x40101020
   25 00000000         
   26 00000000 40101040 
                       SGPIO_MUX_CFGA
                               EQU              0x40101040
   27 00000000 40101080 
                       SLICE_MUX_CFG0
                               EQU              0x40101080
   28 00000000 401010C0 
                       REGA    EQU              0x401010C0
   29 00000000 40101100 
                       REGA_SS EQU              0x40101100
   30 00000000 40101140 
                       PRESET0 EQU              0x40101140
   31 00000000 40101180 
                       COUNT0  EQU              0x40101180
   32 00000000 401011C0 
                       POS0    EQU              0x401011C0
   33 00000000 4010121C 
                       CTRL_ENABLED
                               EQU              0x4010121C
   34 00000000 40101218 
                       GPIO_OENREG
                               EQU              0x40101218
   35 00000000         
   36 00000000 40050064 
                       BASE_PERIPH_CLK
                               EQU              0x40050064
   37 00000000 40050018 
                       XTAL_OSC_CTRL
                               EQU              0x40050018
   38 00000000         
   39 00000000         ;CONSTANT               EQU 0xFFFFFFFF
   40 00000000         ;CONSTANT               EQU 0x00000040
   41 00000000         ;CONSTANT               EQU 0x0
   42 00000000 FFAA5500 
                       CONSTANT
                               EQU              0xFFAA5500
   43 00000000         
   44 00000000                 EXPORT           STACK_SIZE         [WEAK]
   45 00000000                 EXPORT           Reset_Handler      [WEAK]
   46 00000000                 EXPORT           NMI_Handler        [WEAK]
   47 00000000                 EXPORT           HardFault_Handler  [WEAK]
   48 00000000                 EXPORT           MemManage_Handler  [WEAK]
   49 00000000                 EXPORT           BusFault_Handler   [WEAK]
   50 00000000                 EXPORT           UsageFault_Handler [WEAK]
   51 00000000                 EXPORT           Sign_Value         [WEAK]
   52 00000000                 EXPORT           SVC_Handler        [WEAK]
   53 00000000                 EXPORT           DebugMon_Handler   [WEAK]
   54 00000000                 EXPORT           PendSV_Handler     [WEAK]
   55 00000000                 EXPORT           SysTick_Handler    [WEAK]



ARM Macro Assembler    Page 3 


   56 00000000         
   57 00000000                 AREA             STACK, NOINIT, READWRITE, ALIGN
=3
   58 00000000         Stack_Mem
                               SPACE            STACK_SIZE
   59 00000400         __initial_sp
   60 00000400         
   61 00000400                 AREA             beg, CODE, READONLY
   62 00000000                 ENTRY
   63 00000000         
   64 00000000         Reset_Handler
                               PROC
   65 00000000         ;Make delay before actual start (for JTAG)
   66 00000000 F04F 7000       ldr              r0,=DELAY_BEFORE_START
   67 00000004         delay
   68 00000004 3801            subs             r0,#0x01
   69 00000006 D1FD            bne              delay
   70 00000008         
   71 00000008         ;Configure BASE_PERIPH_CLK clock source
   72 00000008 4830            ldr              r0,=BASE_PERIPH_CLK
   73 0000000A F04F 61C0       ldr              r1,=0x6000000
   74 0000000E 6001            str              r1, [r0]
   75 00000010         
   76 00000010         ;Enable crystal oscillator
   77 00000010 482F            ldr              r0,=XTAL_OSC_CTRL
   78 00000012 F04F 0104       ldr              r1,=0x4
   79 00000016 6001            str              r1, [r0]
   80 00000018         
   81 00000018         ;Set up SCUs
   82 00000018 482E            ldr              r0,=SCU_PF_1
   83 0000001A F04F 0106       ldr              r1,=0x6
   84 0000001E 6001            str              r1, [r0]
   85 00000020         
   86 00000020 482D            ldr              r0,=SCU_PF_2
   87 00000022 6001            str              r1, [r0]
   88 00000024         
   89 00000024 482D            ldr              r0,=SCU_PF_3
   90 00000026 6001            str              r1, [r0]
   91 00000028         
   92 00000028 482D            ldr              r0,=SCU_PF_9
   93 0000002A 6001            str              r1, [r0]
   94 0000002C         
   95 0000002C 482D            ldr              r0,=SCU_P6_3
   96 0000002E F04F 0102       ldr              r1,=0x2
   97 00000032 6001            str              r1, [r0]
   98 00000034         
   99 00000034 482C            ldr              r0,=SCU_P6_6
  100 00000036 6001            str              r1, [r0]
  101 00000038         
  102 00000038 482C            ldr              r0,=SCU_P7_7
  103 0000003A F04F 0107       ldr              r1,=0x7
  104 0000003E 6001            str              r1, [r0]
  105 00000040         
  106 00000040 482B            ldr              r0,=SCU_PD_2
  107 00000042 6001            str              r1, [r0]
  108 00000044         
  109 00000044 482B            ldr              r0,=SCU_P7_2
  110 00000046 6001            str              r1, [r0]
  111 00000048         



ARM Macro Assembler    Page 4 


  112 00000048 482B            ldr              r0,=SCU_P8_0
  113 0000004A F04F 0104       ldr              r1,=0x4
  114 0000004E 6001            str              r1, [r0]
  115 00000050         
  116 00000050         ;Set up 8-bit 8a mode
  117 00000050         ;Slice A
  118 00000050 482A            ldr              r0,=OUT_MUX_CFG0
  119 00000052 F04F 0109       ldr              r1,=0x9
  120 00000056 6001            str              r1, [r0]
  121 00000058         
  122 00000058 4829            ldr              r0,=OUT_MUX_CFG1
  123 0000005A 6001            str              r1, [r0]
  124 0000005C         
  125 0000005C 4829            ldr              r0,=OUT_MUX_CFG2
  126 0000005E 6001            str              r1, [r0]
  127 00000060         
  128 00000060 4829            ldr              r0,=OUT_MUX_CFG3
  129 00000062 6001            str              r1, [r0]
  130 00000064         
  131 00000064 4829            ldr              r0,=OUT_MUX_CFG4
  132 00000066 6001            str              r1, [r0]
  133 00000068         
  134 00000068 4829            ldr              r0,=OUT_MUX_CFG5
  135 0000006A 6001            str              r1, [r0]
  136 0000006C         
  137 0000006C 4829            ldr              r0,=OUT_MUX_CFG6
  138 0000006E 6001            str              r1, [r0]
  139 00000070         
  140 00000070 4829            ldr              r0,=OUT_MUX_CFG7
  141 00000072 6001            str              r1, [r0]
  142 00000074         
  143 00000074         ;SGPIO8 - Ack
  144 00000074 4829            ldr              r0,=OUT_MUX_CFG8
  145 00000076 F04F 0108       ldr              r1,=0x8
  146 0000007A 6001            str              r1, [r0]
  147 0000007C         
  148 0000007C         ;Set up SGPIO_MUX_CFGA
  149 0000007C 4828            ldr              r0,=SGPIO_MUX_CFGA
  150 0000007E F44F 6100       ldr              r1,=0x800
  151 00000082 6001            str              r1, [r0]
  152 00000084         
  153 00000084         ;Set up SLICE_MUX_CFG0
  154 00000084 4827            ldr              r0,=SLICE_MUX_CFG0
  155 00000086 F04F 01C0       ldr              r1,=0xC0
  156 0000008A 6001            str              r1, [r0]
  157 0000008C         
  158 0000008C         ;Set up REGA
  159 0000008C 4826            ldr              r0,=REGA
  160 0000008E 4927            ldr              r1,=CONSTANT
  161 00000090 6001            str              r1, [r0]
  162 00000092         
  163 00000092         ;Set up REGA_SS 
  164 00000092 4827            ldr              r0,=REGA_SS
  165 00000094 4925            ldr              r1,=CONSTANT
  166 00000096 6001            str              r1, [r0]
  167 00000098         
  168 00000098         ;Set up PRESET0
  169 00000098 4826            ldr              r0,=PRESET0
  170 0000009A F04F 0100       ldr              r1,=0x00



ARM Macro Assembler    Page 5 


  171 0000009E 6001            str              r1, [r0]
  172 000000A0         
  173 000000A0         ;Set up COUNT0
  174 000000A0         ;ldr r0,=COUNT0
  175 000000A0         ;ldr r1,=0x01
  176 000000A0         ;str r1, [r0]
  177 000000A0         
  178 000000A0         ;Set up POS0
  179 000000A0 4825            ldr              r0,=POS0
  180 000000A2 F44F 417F       ldr              r1,=0xFF00
  181 000000A6 6001            str              r1, [r0]
  182 000000A8         
  183 000000A8         ;Enable pins
  184 000000A8 4824            ldr              r0,=GPIO_OENREG
  185 000000AA F240 11FF       ldr              r1,=0x1FF
  186 000000AE 6001            str              r1, [r0]
  187 000000B0         
  188 000000B0         ;Enable counter
  189 000000B0 4823            ldr              r0,=CTRL_ENABLED
  190 000000B2 F04F 0101       ldr              r1,=0x1
  191 000000B6 6001            str              r1, [r0]
  192 000000B8         
  193 000000B8         lp
  194 000000B8 E7FE            b                lp
  195 000000BA                 ENDP
  196 000000BA         
  197 000000BA         NMI_Handler
                               PROC
  198 000000BA E7FE            b                Reset_Handler
  199 000000BC                 ENDP
  200 000000BC         
  201 000000BC         HardFault_Handler
                               PROC
  202 000000BC E7FE            b                Reset_Handler
  203 000000BE                 ENDP
  204 000000BE         
  205 000000BE         MemManage_Handler
                               PROC
  206 000000BE E7FE            b                Reset_Handler
  207 000000C0                 ENDP
  208 000000C0         
  209 000000C0         BusFault_Handler
                               PROC
  210 000000C0 E7FE            b                Reset_Handler
  211 000000C2                 ENDP
  212 000000C2         
  213 000000C2         UsageFault_Handler
                               PROC
  214 000000C2 E7FE            b                Reset_Handler
  215 000000C4                 ENDP
  216 000000C4         
  217 000000C4         SVC_Handler
                               PROC
  218 000000C4 E7FE            b                Reset_Handler
  219 000000C6                 ENDP
  220 000000C6         
  221 000000C6         DebugMon_Handler
                               PROC
  222 000000C6 E7FE            b                Reset_Handler



ARM Macro Assembler    Page 6 


  223 000000C8                 ENDP
  224 000000C8         
  225 000000C8         PendSV_Handler
                               PROC
  226 000000C8 E7FE            b                Reset_Handler
  227 000000CA                 ENDP
  228 000000CA         
  229 000000CA         SysTick_Handler
                               PROC
  230 000000CA E7FE            b                Reset_Handler
  231 000000CC                 ENDP
  232 000000CC                 END
              40050064 
              40050018 
              40086784 
              40086788 
              4008678C 
              400867A4 
              4008630C 
              40086318 
              4008639C 
              40086688 
              40086388 
              40086400 
              40101000 
              40101004 
              40101008 
              4010100C 
              40101010 
              40101014 
              40101018 
              4010101C 
              40101020 
              40101040 
              40101080 
              401010C0 
              FFAA5500 
              40101100 
              40101140 
              401011C0 
              40101218 
              4010121C 
Command Line: --debug --xref --cpu=Cortex-M4.fp --apcs=interwork --depend=sgpio
.d -osgpio.o -IC:\Keil\ARM\RV31\INC -IC:\Keil\ARM\CMSIS\Include -IC:\Keil\ARM\I
nc\NXP\LPC43xx --list=sgpio.lst sgpio.s



ARM Macro Assembler    Page 1 Alphabetic symbol ordering
Relocatable symbols

STACK 00000000

Symbol: STACK
   Definitions
      At line 57 in file sgpio.s
   Uses
      None
Comment: STACK unused
Stack_Mem 00000000

Symbol: Stack_Mem
   Definitions
      At line 58 in file sgpio.s
   Uses
      None
Comment: Stack_Mem unused
__initial_sp 00000400

Symbol: __initial_sp
   Definitions
      At line 59 in file sgpio.s
   Uses
      None
Comment: __initial_sp unused
3 symbols



ARM Macro Assembler    Page 1 Alphabetic symbol ordering
Relocatable symbols

BusFault_Handler 000000C0

Symbol: BusFault_Handler
   Definitions
      At line 209 in file sgpio.s
   Uses
      At line 49 in file sgpio.s
Comment: BusFault_Handler used once
DebugMon_Handler 000000C6

Symbol: DebugMon_Handler
   Definitions
      At line 221 in file sgpio.s
   Uses
      At line 53 in file sgpio.s
Comment: DebugMon_Handler used once
HardFault_Handler 000000BC

Symbol: HardFault_Handler
   Definitions
      At line 201 in file sgpio.s
   Uses
      At line 47 in file sgpio.s
Comment: HardFault_Handler used once
MemManage_Handler 000000BE

Symbol: MemManage_Handler
   Definitions
      At line 205 in file sgpio.s
   Uses
      At line 48 in file sgpio.s
Comment: MemManage_Handler used once
NMI_Handler 000000BA

Symbol: NMI_Handler
   Definitions
      At line 197 in file sgpio.s
   Uses
      At line 46 in file sgpio.s
Comment: NMI_Handler used once
PendSV_Handler 000000C8

Symbol: PendSV_Handler
   Definitions
      At line 225 in file sgpio.s
   Uses
      At line 54 in file sgpio.s
Comment: PendSV_Handler used once
Reset_Handler 00000000

Symbol: Reset_Handler
   Definitions
      At line 64 in file sgpio.s
   Uses
      At line 45 in file sgpio.s
      At line 198 in file sgpio.s
      At line 202 in file sgpio.s
      At line 206 in file sgpio.s
      At line 210 in file sgpio.s



ARM Macro Assembler    Page 2 Alphabetic symbol ordering
Relocatable symbols

      At line 214 in file sgpio.s
      At line 218 in file sgpio.s
      At line 222 in file sgpio.s
      At line 226 in file sgpio.s
      At line 230 in file sgpio.s

SVC_Handler 000000C4

Symbol: SVC_Handler
   Definitions
      At line 217 in file sgpio.s
   Uses
      At line 52 in file sgpio.s
Comment: SVC_Handler used once
SysTick_Handler 000000CA

Symbol: SysTick_Handler
   Definitions
      At line 229 in file sgpio.s
   Uses
      At line 55 in file sgpio.s
Comment: SysTick_Handler used once
UsageFault_Handler 000000C2

Symbol: UsageFault_Handler
   Definitions
      At line 213 in file sgpio.s
   Uses
      At line 50 in file sgpio.s
Comment: UsageFault_Handler used once
beg 00000000

Symbol: beg
   Definitions
      At line 61 in file sgpio.s
   Uses
      None
Comment: beg unused
delay 00000004

Symbol: delay
   Definitions
      At line 67 in file sgpio.s
   Uses
      At line 69 in file sgpio.s
Comment: delay used once
lp 000000B8

Symbol: lp
   Definitions
      At line 193 in file sgpio.s
   Uses
      At line 194 in file sgpio.s
Comment: lp used once
13 symbols



ARM Macro Assembler    Page 1 Alphabetic symbol ordering
Absolute symbols

BASE_PERIPH_CLK 40050064

Symbol: BASE_PERIPH_CLK
   Definitions
      At line 36 in file sgpio.s
   Uses
      At line 72 in file sgpio.s
Comment: BASE_PERIPH_CLK used once
CONSTANT FFAA5500

Symbol: CONSTANT
   Definitions
      At line 42 in file sgpio.s
   Uses
      At line 160 in file sgpio.s
      At line 165 in file sgpio.s

COUNT0 40101180

Symbol: COUNT0
   Definitions
      At line 31 in file sgpio.s
   Uses
      None
Comment: COUNT0 unused
CTRL_ENABLED 4010121C

Symbol: CTRL_ENABLED
   Definitions
      At line 33 in file sgpio.s
   Uses
      At line 189 in file sgpio.s
Comment: CTRL_ENABLED used once
DELAY_BEFORE_START 02000000

Symbol: DELAY_BEFORE_START
   Definitions
      At line 1 in file sgpio.s
   Uses
      At line 66 in file sgpio.s
Comment: DELAY_BEFORE_START used once
GPIO_OENREG 40101218

Symbol: GPIO_OENREG
   Definitions
      At line 34 in file sgpio.s
   Uses
      At line 184 in file sgpio.s
Comment: GPIO_OENREG used once
OUT_MUX_CFG0 40101000

Symbol: OUT_MUX_CFG0
   Definitions
      At line 16 in file sgpio.s
   Uses
      At line 118 in file sgpio.s
Comment: OUT_MUX_CFG0 used once
OUT_MUX_CFG1 40101004




ARM Macro Assembler    Page 2 Alphabetic symbol ordering
Absolute symbols

Symbol: OUT_MUX_CFG1
   Definitions
      At line 17 in file sgpio.s
   Uses
      At line 122 in file sgpio.s
Comment: OUT_MUX_CFG1 used once
OUT_MUX_CFG2 40101008

Symbol: OUT_MUX_CFG2
   Definitions
      At line 18 in file sgpio.s
   Uses
      At line 125 in file sgpio.s
Comment: OUT_MUX_CFG2 used once
OUT_MUX_CFG3 4010100C

Symbol: OUT_MUX_CFG3
   Definitions
      At line 19 in file sgpio.s
   Uses
      At line 128 in file sgpio.s
Comment: OUT_MUX_CFG3 used once
OUT_MUX_CFG4 40101010

Symbol: OUT_MUX_CFG4
   Definitions
      At line 20 in file sgpio.s
   Uses
      At line 131 in file sgpio.s
Comment: OUT_MUX_CFG4 used once
OUT_MUX_CFG5 40101014

Symbol: OUT_MUX_CFG5
   Definitions
      At line 21 in file sgpio.s
   Uses
      At line 134 in file sgpio.s
Comment: OUT_MUX_CFG5 used once
OUT_MUX_CFG6 40101018

Symbol: OUT_MUX_CFG6
   Definitions
      At line 22 in file sgpio.s
   Uses
      At line 137 in file sgpio.s
Comment: OUT_MUX_CFG6 used once
OUT_MUX_CFG7 4010101C

Symbol: OUT_MUX_CFG7
   Definitions
      At line 23 in file sgpio.s
   Uses
      At line 140 in file sgpio.s
Comment: OUT_MUX_CFG7 used once
OUT_MUX_CFG8 40101020

Symbol: OUT_MUX_CFG8
   Definitions
      At line 24 in file sgpio.s



ARM Macro Assembler    Page 3 Alphabetic symbol ordering
Absolute symbols

   Uses
      At line 144 in file sgpio.s
Comment: OUT_MUX_CFG8 used once
POS0 401011C0

Symbol: POS0
   Definitions
      At line 32 in file sgpio.s
   Uses
      At line 179 in file sgpio.s
Comment: POS0 used once
PRESET0 40101140

Symbol: PRESET0
   Definitions
      At line 30 in file sgpio.s
   Uses
      At line 169 in file sgpio.s
Comment: PRESET0 used once
REGA 401010C0

Symbol: REGA
   Definitions
      At line 28 in file sgpio.s
   Uses
      At line 159 in file sgpio.s
Comment: REGA used once
REGA_SS 40101100

Symbol: REGA_SS
   Definitions
      At line 29 in file sgpio.s
   Uses
      At line 164 in file sgpio.s
Comment: REGA_SS used once
SCU_P6_3 4008630C

Symbol: SCU_P6_3
   Definitions
      At line 9 in file sgpio.s
   Uses
      At line 95 in file sgpio.s
Comment: SCU_P6_3 used once
SCU_P6_6 40086318

Symbol: SCU_P6_6
   Definitions
      At line 10 in file sgpio.s
   Uses
      At line 99 in file sgpio.s
Comment: SCU_P6_6 used once
SCU_P7_2 40086388

Symbol: SCU_P7_2
   Definitions
      At line 14 in file sgpio.s
   Uses
      At line 109 in file sgpio.s
Comment: SCU_P7_2 used once



ARM Macro Assembler    Page 4 Alphabetic symbol ordering
Absolute symbols

SCU_P7_7 4008639C

Symbol: SCU_P7_7
   Definitions
      At line 12 in file sgpio.s
   Uses
      At line 102 in file sgpio.s
Comment: SCU_P7_7 used once
SCU_P8_0 40086400

Symbol: SCU_P8_0
   Definitions
      At line 13 in file sgpio.s
   Uses
      At line 112 in file sgpio.s
Comment: SCU_P8_0 used once
SCU_PD_2 40086688

Symbol: SCU_PD_2
   Definitions
      At line 11 in file sgpio.s
   Uses
      At line 106 in file sgpio.s
Comment: SCU_PD_2 used once
SCU_PF_1 40086784

Symbol: SCU_PF_1
   Definitions
      At line 5 in file sgpio.s
   Uses
      At line 82 in file sgpio.s
Comment: SCU_PF_1 used once
SCU_PF_2 40086788

Symbol: SCU_PF_2
   Definitions
      At line 6 in file sgpio.s
   Uses
      At line 86 in file sgpio.s
Comment: SCU_PF_2 used once
SCU_PF_3 4008678C

Symbol: SCU_PF_3
   Definitions
      At line 7 in file sgpio.s
   Uses
      At line 89 in file sgpio.s
Comment: SCU_PF_3 used once
SCU_PF_9 400867A4

Symbol: SCU_PF_9
   Definitions
      At line 8 in file sgpio.s
   Uses
      At line 92 in file sgpio.s
Comment: SCU_PF_9 used once
SGPIO_MUX_CFGA 40101040

Symbol: SGPIO_MUX_CFGA



ARM Macro Assembler    Page 5 Alphabetic symbol ordering
Absolute symbols

   Definitions
      At line 26 in file sgpio.s
   Uses
      At line 149 in file sgpio.s
Comment: SGPIO_MUX_CFGA used once
SLICE_MUX_CFG0 40101080

Symbol: SLICE_MUX_CFG0
   Definitions
      At line 27 in file sgpio.s
   Uses
      At line 154 in file sgpio.s
Comment: SLICE_MUX_CFG0 used once
STACK_SIZE 00000400

Symbol: STACK_SIZE
   Definitions
      At line 3 in file sgpio.s
   Uses
      At line 44 in file sgpio.s
      At line 58 in file sgpio.s

Sign_Value 5A5A5A5A

Symbol: Sign_Value
   Definitions
      At line 2 in file sgpio.s
   Uses
      At line 51 in file sgpio.s
Comment: Sign_Value used once
XTAL_OSC_CTRL 40050018

Symbol: XTAL_OSC_CTRL
   Definitions
      At line 37 in file sgpio.s
   Uses
      At line 77 in file sgpio.s
Comment: XTAL_OSC_CTRL used once
34 symbols
383 symbols in table
