


ARM Macro Assembler    Page 1 


    1 00000000 00000FE0 
                       Delay   EQU              4064
    2 00000000 400F6218 
                       GPIOSET EQU              0x400F6218
    3 00000000 400F6298 
                       GPIOCLR EQU              0x400F6298
    4 00000000 400F6018 
                       GPIO6DIR
                               EQU              0x400F6018
    5 00000000 400F6098 
                       GPIO6MASK
                               EQU              0x400F6098
    6 00000000 40086630 
                       SCU_PC_12
                               EQU              0x40086630
    7 00000000 40044FD8 
                       CLR_EN  EQU              0x40044FD8
    8 00000000 40044FE8 
                       CLR_STAT
                               EQU              0x40044FE8
    9 00000000 00000800 
                       LED     EQU              0x00000800
   10 00000000 00000000 
                       BEGIN   EQU              0x0
   11 00000000 5A5A5A5A 
                       Sign_Value
                               EQU              0x5A5A5A5A
   12 00000000 00000400 
                       STACK_SIZE
                               EQU              0x400
   13 00000000         
   14 00000000                 EXPORT           STACK_SIZE [WEAK]
   15 00000000                 EXPORT           Reset_Handler [WEAK]
   16 00000000                 EXPORT           NMI_Handler [WEAK]
   17 00000000                 EXPORT           HardFault_Handler [WEAK]
   18 00000000                 EXPORT           MemManage_Handler [WEAK]
   19 00000000                 EXPORT           BusFault_Handler [WEAK]
   20 00000000                 EXPORT           UsageFault_Handler [WEAK]
   21 00000000                 EXPORT           Sign_Value [WEAK]
   22 00000000                 EXPORT           SVC_Handler [WEAK]
   23 00000000                 EXPORT           DebugMon_Handler [WEAK]
   24 00000000                 EXPORT           PendSV_Handler [WEAK]
   25 00000000                 EXPORT           SysTick_Handler [WEAK]
   26 00000000         
   27 00000000                 AREA             STACK, NOINIT, READWRITE, ALIGN
=3
   28 00000000         Stack_Mem
                               SPACE            STACK_SIZE
   29 00000400         __initial_sp
   30 00000400         
   31 00000400                 AREA             beg, CODE, READONLY
   32 00000000                 ENTRY
   33 00000000         
   34 00000000         Reset_Handler
                               PROC
   35 00000000         
   36 00000000 4811            ldr              r0,=CLR_EN  ;
   37 00000002 F04F 31FF       ldr              r1,=0xFFFFFFFF ;
   38 00000006 6001            str              r1, [r0]    ;



ARM Macro Assembler    Page 2 


   39 00000008         
   40 00000008 4810            ldr              r0,=CLR_STAT ;
   41 0000000A F04F 31FF       ldr              r1,=0xFFFFFFFF ;
   42 0000000E 6001            str              r1, [r0]    ;
   43 00000010         
   44 00000010         ;Initialise GPIOs
   45 00000010 480F            ldr              r0,=SCU_PC_12 ;
   46 00000012 F04F 0124       mov              r1, 0x24    ;
   47 00000016 6001            str              r1, [r0]    ; 
   48 00000018         
   49 00000018         ;Set output direction for GPIO6
   50 00000018 480E            ldr              r0,=GPIO6DIR ;
   51 0000001A F44F 6100       mov              r1, 0x800   ;
   52 0000001E 6001            str              r1, [r0]    ;
   53 00000020         
   54 00000020         ;Set mask for GPIO
   55 00000020 480D            ldr              r0,=GPIO6MASK ;
   56 00000022 F04F 0100       mov              r1, #0      ;
   57 00000026 6001            str              r1, [r0]    ;
   58 00000028         
   59 00000028 480C            ldr              r0,=GPIOSET ;
   60 0000002A 490D            ldr              r1,=GPIOCLR ;
   61 0000002C F44F 6200       ldr              r2,=LED
   62 00000030         
   63 00000030         ;Main loop
   64 00000030         lp
   65 00000030         ;Turn the LED on
   66 00000030 6002            str              r2, [r0]
   67 00000032         
   68 00000032         ;Turn the LED off
   69 00000032 600A            str              r2, [r1]
   70 00000034         
   71 00000034 E7FC            b                lp
   72 00000036         
   73 00000036                 ENDP
   74 00000036         
   75 00000036         NMI_Handler
                               PROC
   76 00000036 E7FE            b                Reset_Handler
   77 00000038                 ENDP
   78 00000038         
   79 00000038         HardFault_Handler
                               PROC
   80 00000038 E7FE            b                Reset_Handler
   81 0000003A                 ENDP
   82 0000003A         
   83 0000003A         MemManage_Handler
                               PROC
   84 0000003A E7FE            b                Reset_Handler
   85 0000003C                 ENDP
   86 0000003C         
   87 0000003C         BusFault_Handler
                               PROC
   88 0000003C E7FE            b                Reset_Handler
   89 0000003E                 ENDP
   90 0000003E         
   91 0000003E         UsageFault_Handler
                               PROC
   92 0000003E E7FE            b                Reset_Handler



ARM Macro Assembler    Page 3 


   93 00000040                 ENDP
   94 00000040         
   95 00000040         SVC_Handler
                               PROC
   96 00000040 E7FE            b                Reset_Handler
   97 00000042                 ENDP
   98 00000042         
   99 00000042         DebugMon_Handler
                               PROC
  100 00000042 E7FE            b                Reset_Handler
  101 00000044                 ENDP
  102 00000044         
  103 00000044         PendSV_Handler
                               PROC
  104 00000044 E7FE            b                Reset_Handler
  105 00000046                 ENDP
  106 00000046         
  107 00000046         SysTick_Handler
                               PROC
  108 00000046 E7FE            b                Reset_Handler
  109 00000048                 ENDP
  110 00000048                 END
              40044FD8 
              40044FE8 
              40086630 
              400F6018 
              400F6098 
              400F6218 
              400F6298 
Command Line: --debug --xref --diag_suppress=9931 --cpu=Cortex-M4.fp --apcs=int
erwork --depend=.\blink.d -o.\blink.o -IC:\Keil_v5\ARM\RV31\INC -IC:\Keil_v5\AR
M\CMSIS\Include -IC:\Keil_v5\ARM\Inc\NXP\LPC43xx --predefine="__UVISION_VERSION
 SETA 522" --list=.\blink.lst blink.s



ARM Macro Assembler    Page 1 Alphabetic symbol ordering
Relocatable symbols

STACK 00000000

Symbol: STACK
   Definitions
      At line 27 in file blink.s
   Uses
      None
Comment: STACK unused
Stack_Mem 00000000

Symbol: Stack_Mem
   Definitions
      At line 28 in file blink.s
   Uses
      None
Comment: Stack_Mem unused
__initial_sp 00000400

Symbol: __initial_sp
   Definitions
      At line 29 in file blink.s
   Uses
      None
Comment: __initial_sp unused
3 symbols



ARM Macro Assembler    Page 1 Alphabetic symbol ordering
Relocatable symbols

BusFault_Handler 0000003C

Symbol: BusFault_Handler
   Definitions
      At line 87 in file blink.s
   Uses
      At line 19 in file blink.s
Comment: BusFault_Handler used once
DebugMon_Handler 00000042

Symbol: DebugMon_Handler
   Definitions
      At line 99 in file blink.s
   Uses
      At line 23 in file blink.s
Comment: DebugMon_Handler used once
HardFault_Handler 00000038

Symbol: HardFault_Handler
   Definitions
      At line 79 in file blink.s
   Uses
      At line 17 in file blink.s
Comment: HardFault_Handler used once
MemManage_Handler 0000003A

Symbol: MemManage_Handler
   Definitions
      At line 83 in file blink.s
   Uses
      At line 18 in file blink.s
Comment: MemManage_Handler used once
NMI_Handler 00000036

Symbol: NMI_Handler
   Definitions
      At line 75 in file blink.s
   Uses
      At line 16 in file blink.s
Comment: NMI_Handler used once
PendSV_Handler 00000044

Symbol: PendSV_Handler
   Definitions
      At line 103 in file blink.s
   Uses
      At line 24 in file blink.s
Comment: PendSV_Handler used once
Reset_Handler 00000000

Symbol: Reset_Handler
   Definitions
      At line 34 in file blink.s
   Uses
      At line 15 in file blink.s
      At line 76 in file blink.s
      At line 80 in file blink.s
      At line 84 in file blink.s
      At line 88 in file blink.s



ARM Macro Assembler    Page 2 Alphabetic symbol ordering
Relocatable symbols

      At line 92 in file blink.s
      At line 96 in file blink.s
      At line 100 in file blink.s
      At line 104 in file blink.s
      At line 108 in file blink.s

SVC_Handler 00000040

Symbol: SVC_Handler
   Definitions
      At line 95 in file blink.s
   Uses
      At line 22 in file blink.s
Comment: SVC_Handler used once
SysTick_Handler 00000046

Symbol: SysTick_Handler
   Definitions
      At line 107 in file blink.s
   Uses
      At line 25 in file blink.s
Comment: SysTick_Handler used once
UsageFault_Handler 0000003E

Symbol: UsageFault_Handler
   Definitions
      At line 91 in file blink.s
   Uses
      At line 20 in file blink.s
Comment: UsageFault_Handler used once
beg 00000000

Symbol: beg
   Definitions
      At line 31 in file blink.s
   Uses
      None
Comment: beg unused
lp 00000030

Symbol: lp
   Definitions
      At line 64 in file blink.s
   Uses
      At line 71 in file blink.s
Comment: lp used once
12 symbols



ARM Macro Assembler    Page 1 Alphabetic symbol ordering
Absolute symbols

BEGIN 00000000

Symbol: BEGIN
   Definitions
      At line 10 in file blink.s
   Uses
      None
Comment: BEGIN unused
CLR_EN 40044FD8

Symbol: CLR_EN
   Definitions
      At line 7 in file blink.s
   Uses
      At line 36 in file blink.s
Comment: CLR_EN used once
CLR_STAT 40044FE8

Symbol: CLR_STAT
   Definitions
      At line 8 in file blink.s
   Uses
      At line 40 in file blink.s
Comment: CLR_STAT used once
Delay 00000FE0

Symbol: Delay
   Definitions
      At line 1 in file blink.s
   Uses
      None
Comment: Delay unused
GPIO6DIR 400F6018

Symbol: GPIO6DIR
   Definitions
      At line 4 in file blink.s
   Uses
      At line 50 in file blink.s
Comment: GPIO6DIR used once
GPIO6MASK 400F6098

Symbol: GPIO6MASK
   Definitions
      At line 5 in file blink.s
   Uses
      At line 55 in file blink.s
Comment: GPIO6MASK used once
GPIOCLR 400F6298

Symbol: GPIOCLR
   Definitions
      At line 3 in file blink.s
   Uses
      At line 60 in file blink.s
Comment: GPIOCLR used once
GPIOSET 400F6218

Symbol: GPIOSET



ARM Macro Assembler    Page 2 Alphabetic symbol ordering
Absolute symbols

   Definitions
      At line 2 in file blink.s
   Uses
      At line 59 in file blink.s
Comment: GPIOSET used once
LED 00000800

Symbol: LED
   Definitions
      At line 9 in file blink.s
   Uses
      At line 61 in file blink.s
Comment: LED used once
SCU_PC_12 40086630

Symbol: SCU_PC_12
   Definitions
      At line 6 in file blink.s
   Uses
      At line 45 in file blink.s
Comment: SCU_PC_12 used once
STACK_SIZE 00000400

Symbol: STACK_SIZE
   Definitions
      At line 12 in file blink.s
   Uses
      At line 14 in file blink.s
      At line 28 in file blink.s

Sign_Value 5A5A5A5A

Symbol: Sign_Value
   Definitions
      At line 11 in file blink.s
   Uses
      At line 21 in file blink.s
Comment: Sign_Value used once
12 symbols
361 symbols in table
