


ARM Macro Assembler    Page 1 


    1 00000000 00000FE0 
                       Delay   EQU              4064
    2 00000000 400F6218 
                       GPIOSET EQU              0x400F6218
    3 00000000 400F6298 
                       GPIOCLR EQU              0x400F6298
    4 00000000 400F6018 
                       GPIO6DIR
                               EQU              0x400F6018
    5 00000000 400F6098 
                       GPIO6MASK
                               EQU              0x400F6098
    6 00000000 40086630 
                       SCU_PC_12
                               EQU              0x40086630
    7 00000000 40044FD8 
                       CLR_EN  EQU              0x40044FD8
    8 00000000 40044FE8 
                       CLR_STAT
                               EQU              0x40044FE8
    9 00000000 00000000 
                       BEGIN   EQU              0x0
   10 00000000 5A5A5A5A 
                       Sign_Value
                               EQU              0x5A5A5A5A
   11 00000000 00000400 
                       STACK_SIZE
                               EQU              0x400
   12 00000000         
   13 00000000                 EXPORT           STACK_SIZE [WEAK]
   14 00000000                 EXPORT           Reset_Handler [WEAK]
   15 00000000                 EXPORT           NMI_Handler [WEAK]
   16 00000000                 EXPORT           HardFault_Handler [WEAK]
   17 00000000                 EXPORT           MemManage_Handler [WEAK]
   18 00000000                 EXPORT           BusFault_Handler [WEAK]
   19 00000000                 EXPORT           UsageFault_Handler [WEAK]
   20 00000000                 EXPORT           Sign_Value [WEAK]
   21 00000000                 EXPORT           SVC_Handler [WEAK]
   22 00000000                 EXPORT           DebugMon_Handler [WEAK]
   23 00000000                 EXPORT           PendSV_Handler [WEAK]
   24 00000000                 EXPORT           SysTick_Handler [WEAK]
   25 00000000         
   26 00000000                 AREA             STACK, NOINIT, READWRITE, ALIGN
=3
   27 00000000         Stack_Mem
                               SPACE            STACK_SIZE
   28 00000400         __initial_sp
   29 00000400         
   30 00000400                 AREA             beg, CODE, READONLY
   31 00000000                 ENTRY
   32 00000000         
   33 00000000         Reset_Handler
                               PROC
   34 00000000         
   35 00000000 4819            ldr              r0,=CLR_EN  ;
   36 00000002 F04F 31FF       ldr              r1,=0xFFFFFFFF ;
   37 00000006 6001            str              r1, [r0]    ;
   38 00000008         
   39 00000008 4818            ldr              r0,=CLR_STAT ;



ARM Macro Assembler    Page 2 


   40 0000000A F04F 31FF       ldr              r1,=0xFFFFFFFF ;
   41 0000000E 6001            str              r1, [r0]    ;
   42 00000010         
   43 00000010         ;Initialise GPIOs
   44 00000010 4817            ldr              r0,=SCU_PC_12 ;
   45 00000012 F04F 0124       mov              r1, 0x24    ;
   46 00000016 6001            str              r1, [r0]    ; 
   47 00000018         
   48 00000018         ;Set output direction for GPIO6
   49 00000018 4816            ldr              r0,=GPIO6DIR ;
   50 0000001A F44F 6100       mov              r1, 0x800   ;
   51 0000001E 6001            str              r1, [r0]    ;
   52 00000020         
   53 00000020         ;Set mask for GPIO
   54 00000020 4815            ldr              r0,=GPIO6MASK ;
   55 00000022 F04F 0100       mov              r1, #0      ;
   56 00000026 6001            str              r1, [r0]    ;
   57 00000028         
   58 00000028         ;Main loop
   59 00000028         lp
   60 00000028 4814            ldr              r0,=GPIOSET ;
   61 0000002A 6801            ldr              r1, [r0]    ;
   62 0000002C F5B1 6100       subs             r1, 0x800   ;
   63 00000030 D003            beq              led_off     ;
   64 00000032         ;Turn the LED on
   65 00000032 F44F 6100       mov              r1, 0x800   ;
   66 00000036 6001            str              r1, [r0]    ;
   67 00000038         
   68 00000038 E003            b                delay       ;
   69 0000003A         ;Turn the LED off
   70 0000003A         led_off
   71 0000003A 4811            ldr              r0,=GPIOCLR ;
   72 0000003C F44F 6100       mov              r1, 0x800   ;
   73 00000040 6001            str              r1, [r0]    ;
   74 00000042         
   75 00000042         
   76 00000042         
   77 00000042         delay
   78 00000042         ;Make delay
   79 00000042 F44F 637E       mov              r3, #Delay  ;
   80 00000046         
   81 00000046         continue2
   82 00000046 F44F 607E       mov              r0, #Delay  ;
   83 0000004A         continue1
   84 0000004A 1E40            subs             r0, r0, 0x1 ;
   85 0000004C D1FD            bne              continue1   ;
   86 0000004E         
   87 0000004E 1E5B            subs             r3, r3, 0x1 ;
   88 00000050 D1F9            bne              continue2   ;
   89 00000052         
   90 00000052 E7E9            b                lp
   91 00000054         
   92 00000054                 ENDP
   93 00000054         
   94 00000054         NMI_Handler
                               PROC
   95 00000054 E7FE            b                Reset_Handler
   96 00000056                 ENDP
   97 00000056         



ARM Macro Assembler    Page 3 


   98 00000056         HardFault_Handler
                               PROC
   99 00000056 E7FE            b                Reset_Handler
  100 00000058                 ENDP
  101 00000058         
  102 00000058         MemManage_Handler
                               PROC
  103 00000058 E7FE            b                Reset_Handler
  104 0000005A                 ENDP
  105 0000005A         
  106 0000005A         BusFault_Handler
                               PROC
  107 0000005A E7FE            b                Reset_Handler
  108 0000005C                 ENDP
  109 0000005C         
  110 0000005C         UsageFault_Handler
                               PROC
  111 0000005C E7FE            b                Reset_Handler
  112 0000005E                 ENDP
  113 0000005E         
  114 0000005E         SVC_Handler
                               PROC
  115 0000005E E7FE            b                Reset_Handler
  116 00000060                 ENDP
  117 00000060         
  118 00000060         DebugMon_Handler
                               PROC
  119 00000060 E7FE            b                Reset_Handler
  120 00000062                 ENDP
  121 00000062         
  122 00000062         PendSV_Handler
                               PROC
  123 00000062 E7FE            b                Reset_Handler
  124 00000064                 ENDP
  125 00000064         
  126 00000064         SysTick_Handler
                               PROC
  127 00000064 E7FE            b                Reset_Handler
  128 00000066                 ENDP
  129 00000066                 END
              00 00 40044FD8 
              40044FE8 
              40086630 
              400F6018 
              400F6098 
              400F6218 
              400F6298 
Command Line: --debug --xref --diag_suppress=9931 --cpu=Cortex-M4.fp --apcs=int
erwork --depend=.\blink.d -o.\blink.o -IC:\Keil_v5\ARM\RV31\INC -IC:\Keil_v5\AR
M\CMSIS\Include -IC:\Keil_v5\ARM\Inc\NXP\LPC43xx --predefine="__EVAL SETA 1" --
predefine="__UVISION_VERSION SETA 522" --list=.\blink.lst blink.s



ARM Macro Assembler    Page 1 Alphabetic symbol ordering
Relocatable symbols

STACK 00000000

Symbol: STACK
   Definitions
      At line 26 in file blink.s
   Uses
      None
Comment: STACK unused
Stack_Mem 00000000

Symbol: Stack_Mem
   Definitions
      At line 27 in file blink.s
   Uses
      None
Comment: Stack_Mem unused
__initial_sp 00000400

Symbol: __initial_sp
   Definitions
      At line 28 in file blink.s
   Uses
      None
Comment: __initial_sp unused
3 symbols



ARM Macro Assembler    Page 1 Alphabetic symbol ordering
Relocatable symbols

BusFault_Handler 0000005A

Symbol: BusFault_Handler
   Definitions
      At line 106 in file blink.s
   Uses
      At line 18 in file blink.s
Comment: BusFault_Handler used once
DebugMon_Handler 00000060

Symbol: DebugMon_Handler
   Definitions
      At line 118 in file blink.s
   Uses
      At line 22 in file blink.s
Comment: DebugMon_Handler used once
HardFault_Handler 00000056

Symbol: HardFault_Handler
   Definitions
      At line 98 in file blink.s
   Uses
      At line 16 in file blink.s
Comment: HardFault_Handler used once
MemManage_Handler 00000058

Symbol: MemManage_Handler
   Definitions
      At line 102 in file blink.s
   Uses
      At line 17 in file blink.s
Comment: MemManage_Handler used once
NMI_Handler 00000054

Symbol: NMI_Handler
   Definitions
      At line 94 in file blink.s
   Uses
      At line 15 in file blink.s
Comment: NMI_Handler used once
PendSV_Handler 00000062

Symbol: PendSV_Handler
   Definitions
      At line 122 in file blink.s
   Uses
      At line 23 in file blink.s
Comment: PendSV_Handler used once
Reset_Handler 00000000

Symbol: Reset_Handler
   Definitions
      At line 33 in file blink.s
   Uses
      At line 14 in file blink.s
      At line 95 in file blink.s
      At line 99 in file blink.s
      At line 103 in file blink.s
      At line 107 in file blink.s



ARM Macro Assembler    Page 2 Alphabetic symbol ordering
Relocatable symbols

      At line 111 in file blink.s
      At line 115 in file blink.s
      At line 119 in file blink.s
      At line 123 in file blink.s
      At line 127 in file blink.s

SVC_Handler 0000005E

Symbol: SVC_Handler
   Definitions
      At line 114 in file blink.s
   Uses
      At line 21 in file blink.s
Comment: SVC_Handler used once
SysTick_Handler 00000064

Symbol: SysTick_Handler
   Definitions
      At line 126 in file blink.s
   Uses
      At line 24 in file blink.s
Comment: SysTick_Handler used once
UsageFault_Handler 0000005C

Symbol: UsageFault_Handler
   Definitions
      At line 110 in file blink.s
   Uses
      At line 19 in file blink.s
Comment: UsageFault_Handler used once
beg 00000000

Symbol: beg
   Definitions
      At line 30 in file blink.s
   Uses
      None
Comment: beg unused
continue1 0000004A

Symbol: continue1
   Definitions
      At line 83 in file blink.s
   Uses
      At line 85 in file blink.s
Comment: continue1 used once
continue2 00000046

Symbol: continue2
   Definitions
      At line 81 in file blink.s
   Uses
      At line 88 in file blink.s
Comment: continue2 used once
delay 00000042

Symbol: delay
   Definitions
      At line 77 in file blink.s



ARM Macro Assembler    Page 3 Alphabetic symbol ordering
Relocatable symbols

   Uses
      At line 68 in file blink.s
Comment: delay used once
led_off 0000003A

Symbol: led_off
   Definitions
      At line 70 in file blink.s
   Uses
      At line 63 in file blink.s
Comment: led_off used once
lp 00000028

Symbol: lp
   Definitions
      At line 59 in file blink.s
   Uses
      At line 90 in file blink.s
Comment: lp used once
16 symbols



ARM Macro Assembler    Page 1 Alphabetic symbol ordering
Absolute symbols

BEGIN 00000000

Symbol: BEGIN
   Definitions
      At line 9 in file blink.s
   Uses
      None
Comment: BEGIN unused
CLR_EN 40044FD8

Symbol: CLR_EN
   Definitions
      At line 7 in file blink.s
   Uses
      At line 35 in file blink.s
Comment: CLR_EN used once
CLR_STAT 40044FE8

Symbol: CLR_STAT
   Definitions
      At line 8 in file blink.s
   Uses
      At line 39 in file blink.s
Comment: CLR_STAT used once
Delay 00000FE0

Symbol: Delay
   Definitions
      At line 1 in file blink.s
   Uses
      At line 79 in file blink.s
      At line 82 in file blink.s

GPIO6DIR 400F6018

Symbol: GPIO6DIR
   Definitions
      At line 4 in file blink.s
   Uses
      At line 49 in file blink.s
Comment: GPIO6DIR used once
GPIO6MASK 400F6098

Symbol: GPIO6MASK
   Definitions
      At line 5 in file blink.s
   Uses
      At line 54 in file blink.s
Comment: GPIO6MASK used once
GPIOCLR 400F6298

Symbol: GPIOCLR
   Definitions
      At line 3 in file blink.s
   Uses
      At line 71 in file blink.s
Comment: GPIOCLR used once
GPIOSET 400F6218




ARM Macro Assembler    Page 2 Alphabetic symbol ordering
Absolute symbols

Symbol: GPIOSET
   Definitions
      At line 2 in file blink.s
   Uses
      At line 60 in file blink.s
Comment: GPIOSET used once
SCU_PC_12 40086630

Symbol: SCU_PC_12
   Definitions
      At line 6 in file blink.s
   Uses
      At line 44 in file blink.s
Comment: SCU_PC_12 used once
STACK_SIZE 00000400

Symbol: STACK_SIZE
   Definitions
      At line 11 in file blink.s
   Uses
      At line 13 in file blink.s
      At line 27 in file blink.s

Sign_Value 5A5A5A5A

Symbol: Sign_Value
   Definitions
      At line 10 in file blink.s
   Uses
      At line 20 in file blink.s
Comment: Sign_Value used once
11 symbols
365 symbols in table
