


ARM Macro Assembler    Page 1 


    1 00000000 00002000 
                       Delay   EQU              8192        ;4096
    2 00000000 400F6218 
                       GPIOSET EQU              0x400F6218
    3 00000000 400F6298 
                       GPIOCLR EQU              0x400F6298
    4 00000000 400F6018 
                       GPIO6DIR
                               EQU              0x400F6018
    5 00000000 400F6098 
                       GPIO6MASK
                               EQU              0x400F6098
    6 00000000 40086630 
                       SCU_PC_12
                               EQU              0x40086630
    7 00000000 40086634 
                       SCU_PC_13
                               EQU              0x40086634
    8 00000000 40044FD8 
                       CLR_EN  EQU              0x40044FD8
    9 00000000 40044FE8 
                       CLR_STAT
                               EQU              0x40044FE8
   10 00000000 40053100 
                       RESET_CTRL0
                               EQU              0x40053100
   11 00000000 40053104 
                       RESET_CTRL1
                               EQU              0x40053104
   12 00000000 40053110 
                       RESET_STATUS0
                               EQU              0x40053110
   13 00000000 4005311C 
                       RESET_STATUS3
                               EQU              0x4005311C
   14 00000000 40053154 
                       RESET_ACTIVE_STATUS1
                               EQU              0x40053154
   15 00000000 40043308 
                       M0SUBMEMMAP
                               EQU              0x40043308
   16 00000000 40043404 
                       M0APPMEMMAP
                               EQU              0x40043404
   17 00000000 00000800 
                       LED     EQU              0x00000800
   18 00000000 40050044 
                       PLL1    EQU              0x40050044
   19 00000000         
   20 00000000 5A5A5A5A 
                       Sign_Value
                               EQU              0x5A5A5A5A
   21 00000000 00000400 
                       STACK_SIZE
                               EQU              0x400
   22 00000000         
   23 00000000                 EXPORT           __initial_sp                [WE
AK]
   24 00000000                 EXPORT           Reset_Handler               [WE



ARM Macro Assembler    Page 2 


AK]
   25 00000000                 EXPORT           NMI_Handler                 [WE
AK]
   26 00000000                 EXPORT           HardFault_Handler           [WE
AK]
   27 00000000                 EXPORT           MemManage_Handler           [WE
AK]
   28 00000000                 EXPORT           BusFault_Handler            [WE
AK]
   29 00000000                 EXPORT           UsageFault_Handler          [WE
AK]
   30 00000000                 EXPORT           Sign_Value                  [WE
AK]
   31 00000000                 EXPORT           SVC_Handler                 [WE
AK]
   32 00000000                 EXPORT           DebugMon_Handler            [WE
AK]
   33 00000000                 EXPORT           PendSV_Handler              [WE
AK]
   34 00000000                 EXPORT           SysTick_Handler             [WE
AK]
   35 00000000                 EXPORT           DAC_IRQHandler              [WE
AK]
   36 00000000                 EXPORT           IPC_Slave2Master_IRQHandler [WE
AK]
   37 00000000         
   38 00000000                 IMPORT           Reset_Handler_M0
   39 00000000         
   40 00000000                 AREA             STACK, NOINIT, READWRITE, ALIGN
=3
   41 00000000         Stack_Mem
                               SPACE            STACK_SIZE
   42 00000400         __initial_sp
   43 00000400         
   44 00000400                 AREA             M4, CODE, READONLY
   45 00000000                 ENTRY
   46 00000000         Reset_Handler
                               PROC
   47 00000000         
   48 00000000 481E            ldr              r0,=CLR_EN  ;
   49 00000002 F04F 31FF       ldr              r1,=0xFFFFFFFF ;
   50 00000006 6001            str              r1, [r0]    ;
   51 00000008         
   52 00000008 481D            ldr              r0,=CLR_STAT ;
   53 0000000A F04F 31FF       ldr              r1,=0xFFFFFFFF ;
   54 0000000E 6001            str              r1, [r0]    ;
   55 00000010         
   56 00000010         ;Initialise GPIOs
   57 00000010 481C            ldr              r0,=SCU_PC_12 ;
   58 00000012 F04F 0124       mov              r1, 0x24    ;
   59 00000016 6001            str              r1, [r0]    ; 
   60 00000018         
   61 00000018 481B            ldr              r0,=SCU_PC_13 ;
   62 0000001A F04F 0124       mov              r1, 0x24    ;
   63 0000001E 6001            str              r1, [r0]    ;
   64 00000020         
   65 00000020         ;Set output direction for GPIO6
   66 00000020 481A            ldr              r0,=GPIO6DIR ;
   67 00000022 F44F 51C0       ldr              r1,=0x1800  ;



ARM Macro Assembler    Page 3 


   68 00000026 6001            str              r1, [r0]    ;
   69 00000028         
   70 00000028         ;Set mask for GPIO
   71 00000028 4819            ldr              r0,=GPIO6MASK ;
   72 0000002A F04F 0100       mov              r1, #0      ;
   73 0000002E 6001            str              r1, [r0]    ;
   74 00000030         
   75 00000030 4818            ldr              r0,=M0APPMEMMAP
   76 00000032 F04F 51D8       ldr              r1,=0x1b000000
   77 00000036 6001            str              r1, [r0]
   78 00000038         
   79 00000038         ;Reset M0 
   80 00000038 4817            ldr              r0,=RESET_CTRL0
   81 0000003A F44F 5180       mov              r1, 0x1000
   82 0000003E 6001            str              r1, [r0]
   83 00000040         
   84 00000040 4816            ldr              r0,=RESET_CTRL1
   85 00000042 F04F 7180       mov              r1, 0x01000000
   86 00000046 6001            str              r1, [r0]
   87 00000048         
   88 00000048         ;==================================
   89 00000048 4813            ldr              r0,=RESET_CTRL0
   90 0000004A F04F 0100       mov              r1, 0x0
   91 0000004E 6001            str              r1, [r0]
   92 00000050         
   93 00000050 4812            ldr              r0,=RESET_CTRL1
   94 00000052 F04F 0100       mov              r1, 0x0
   95 00000056 6001            str              r1, [r0]
   96 00000058         
   97 00000058 4811            ldr              r0,=GPIOSET ;
   98 0000005A 4912            ldr              r1,=GPIOCLR ;
   99 0000005C F44F 6200       ldr              r2,=LED
  100 00000060         
  101 00000060         ;Main loop
  102 00000060         lp
  103 00000060         ;Turn the LED on
  104 00000060 6002            str              r2, [r0]
  105 00000062         
  106 00000062         ;Turn the LED off
  107 00000062 600A            str              r2, [r1]
  108 00000064         
  109 00000064 E7FC            b                lp
  110 00000066         
  111 00000066                 ENDP
  112 00000066         
  113 00000066         NMI_Handler
                               PROC
  114 00000066 E7FE            b                NMI_Handler
  115 00000068                 ENDP
  116 00000068         
  117 00000068         HardFault_Handler
                               PROC
  118 00000068 E7FE            b                HardFault_Handler
  119 0000006A                 ENDP
  120 0000006A         
  121 0000006A         MemManage_Handler
                               PROC
  122 0000006A E7FE            b                MemManage_Handler
  123 0000006C                 ENDP



ARM Macro Assembler    Page 4 


  124 0000006C         
  125 0000006C         BusFault_Handler
                               PROC
  126 0000006C E7FE            b                BusFault_Handler
  127 0000006E                 ENDP
  128 0000006E         
  129 0000006E         UsageFault_Handler
                               PROC
  130 0000006E E7FE            b                UsageFault_Handler
  131 00000070                 ENDP
  132 00000070         
  133 00000070         SVC_Handler
                               PROC
  134 00000070 E7FE            b                SVC_Handler
  135 00000072                 ENDP
  136 00000072         
  137 00000072         DebugMon_Handler
                               PROC
  138 00000072 E7FE            b                DebugMon_Handler
  139 00000074                 ENDP
  140 00000074         
  141 00000074         PendSV_Handler
                               PROC
  142 00000074 E7FE            b                PendSV_Handler
  143 00000076                 ENDP
  144 00000076         
  145 00000076         SysTick_Handler
                               PROC
  146 00000076 E7FE            b                SysTick_Handler
  147 00000078                 ENDP
  148 00000078         
  149 00000078         DAC_IRQHandler
                               PROC
  150 00000078 E7FE            b                DAC_IRQHandler
  151 0000007A                 ENDP
  152 0000007A         
  153 0000007A         IPC_Slave2Master_IRQHandler
                               PROC
  154 0000007A E7FE            b                IPC_Slave2Master_IRQHandler
  155 0000007C                 ENDP
  156 0000007C                 END
              40044FD8 
              40044FE8 
              40086630 
              40086634 
              400F6018 
              400F6098 
              40043404 
              40053100 
              40053104 
              400F6218 
              400F6298 
Command Line: --debug --xref --cpu=Cortex-M4.fp --apcs=interwork --depend=M4.d 
-oM4.o -IC:\Keil\ARM\RV31\INC -IC:\Keil\ARM\CMSIS\Include -IC:\Keil\ARM\Inc\NXP
\LPC43xx --list=M4.lst M4.s



ARM Macro Assembler    Page 1 Alphabetic symbol ordering
Relocatable symbols

STACK 00000000

Symbol: STACK
   Definitions
      At line 40 in file M4.s
   Uses
      None
Comment: STACK unused
Stack_Mem 00000000

Symbol: Stack_Mem
   Definitions
      At line 41 in file M4.s
   Uses
      None
Comment: Stack_Mem unused
__initial_sp 00000400

Symbol: __initial_sp
   Definitions
      At line 42 in file M4.s
   Uses
      At line 23 in file M4.s
Comment: __initial_sp used once
3 symbols



ARM Macro Assembler    Page 1 Alphabetic symbol ordering
Relocatable symbols

BusFault_Handler 0000006C

Symbol: BusFault_Handler
   Definitions
      At line 125 in file M4.s
   Uses
      At line 28 in file M4.s
      At line 126 in file M4.s

DAC_IRQHandler 00000078

Symbol: DAC_IRQHandler
   Definitions
      At line 149 in file M4.s
   Uses
      At line 35 in file M4.s
      At line 150 in file M4.s

DebugMon_Handler 00000072

Symbol: DebugMon_Handler
   Definitions
      At line 137 in file M4.s
   Uses
      At line 32 in file M4.s
      At line 138 in file M4.s

HardFault_Handler 00000068

Symbol: HardFault_Handler
   Definitions
      At line 117 in file M4.s
   Uses
      At line 26 in file M4.s
      At line 118 in file M4.s

IPC_Slave2Master_IRQHandler 0000007A

Symbol: IPC_Slave2Master_IRQHandler
   Definitions
      At line 153 in file M4.s
   Uses
      At line 36 in file M4.s
      At line 154 in file M4.s

M4 00000000

Symbol: M4
   Definitions
      At line 44 in file M4.s
   Uses
      None
Comment: M4 unused
MemManage_Handler 0000006A

Symbol: MemManage_Handler
   Definitions
      At line 121 in file M4.s
   Uses



ARM Macro Assembler    Page 2 Alphabetic symbol ordering
Relocatable symbols

      At line 27 in file M4.s
      At line 122 in file M4.s

NMI_Handler 00000066

Symbol: NMI_Handler
   Definitions
      At line 113 in file M4.s
   Uses
      At line 25 in file M4.s
      At line 114 in file M4.s

PendSV_Handler 00000074

Symbol: PendSV_Handler
   Definitions
      At line 141 in file M4.s
   Uses
      At line 33 in file M4.s
      At line 142 in file M4.s

Reset_Handler 00000000

Symbol: Reset_Handler
   Definitions
      At line 46 in file M4.s
   Uses
      At line 24 in file M4.s
Comment: Reset_Handler used once
SVC_Handler 00000070

Symbol: SVC_Handler
   Definitions
      At line 133 in file M4.s
   Uses
      At line 31 in file M4.s
      At line 134 in file M4.s

SysTick_Handler 00000076

Symbol: SysTick_Handler
   Definitions
      At line 145 in file M4.s
   Uses
      At line 34 in file M4.s
      At line 146 in file M4.s

UsageFault_Handler 0000006E

Symbol: UsageFault_Handler
   Definitions
      At line 129 in file M4.s
   Uses
      At line 29 in file M4.s
      At line 130 in file M4.s

lp 00000060

Symbol: lp



ARM Macro Assembler    Page 3 Alphabetic symbol ordering
Relocatable symbols

   Definitions
      At line 102 in file M4.s
   Uses
      At line 109 in file M4.s
Comment: lp used once
14 symbols



ARM Macro Assembler    Page 1 Alphabetic symbol ordering
Absolute symbols

CLR_EN 40044FD8

Symbol: CLR_EN
   Definitions
      At line 8 in file M4.s
   Uses
      At line 48 in file M4.s
Comment: CLR_EN used once
CLR_STAT 40044FE8

Symbol: CLR_STAT
   Definitions
      At line 9 in file M4.s
   Uses
      At line 52 in file M4.s
Comment: CLR_STAT used once
Delay 00002000

Symbol: Delay
   Definitions
      At line 1 in file M4.s
   Uses
      None
Comment: Delay unused
GPIO6DIR 400F6018

Symbol: GPIO6DIR
   Definitions
      At line 4 in file M4.s
   Uses
      At line 66 in file M4.s
Comment: GPIO6DIR used once
GPIO6MASK 400F6098

Symbol: GPIO6MASK
   Definitions
      At line 5 in file M4.s
   Uses
      At line 71 in file M4.s
Comment: GPIO6MASK used once
GPIOCLR 400F6298

Symbol: GPIOCLR
   Definitions
      At line 3 in file M4.s
   Uses
      At line 98 in file M4.s
Comment: GPIOCLR used once
GPIOSET 400F6218

Symbol: GPIOSET
   Definitions
      At line 2 in file M4.s
   Uses
      At line 97 in file M4.s
Comment: GPIOSET used once
LED 00000800

Symbol: LED



ARM Macro Assembler    Page 2 Alphabetic symbol ordering
Absolute symbols

   Definitions
      At line 17 in file M4.s
   Uses
      At line 99 in file M4.s
Comment: LED used once
M0APPMEMMAP 40043404

Symbol: M0APPMEMMAP
   Definitions
      At line 16 in file M4.s
   Uses
      At line 75 in file M4.s
Comment: M0APPMEMMAP used once
M0SUBMEMMAP 40043308

Symbol: M0SUBMEMMAP
   Definitions
      At line 15 in file M4.s
   Uses
      None
Comment: M0SUBMEMMAP unused
PLL1 40050044

Symbol: PLL1
   Definitions
      At line 18 in file M4.s
   Uses
      None
Comment: PLL1 unused
RESET_ACTIVE_STATUS1 40053154

Symbol: RESET_ACTIVE_STATUS1
   Definitions
      At line 14 in file M4.s
   Uses
      None
Comment: RESET_ACTIVE_STATUS1 unused
RESET_CTRL0 40053100

Symbol: RESET_CTRL0
   Definitions
      At line 10 in file M4.s
   Uses
      At line 80 in file M4.s
      At line 89 in file M4.s

RESET_CTRL1 40053104

Symbol: RESET_CTRL1
   Definitions
      At line 11 in file M4.s
   Uses
      At line 84 in file M4.s
      At line 93 in file M4.s

RESET_STATUS0 40053110

Symbol: RESET_STATUS0
   Definitions



ARM Macro Assembler    Page 3 Alphabetic symbol ordering
Absolute symbols

      At line 12 in file M4.s
   Uses
      None
Comment: RESET_STATUS0 unused
RESET_STATUS3 4005311C

Symbol: RESET_STATUS3
   Definitions
      At line 13 in file M4.s
   Uses
      None
Comment: RESET_STATUS3 unused
SCU_PC_12 40086630

Symbol: SCU_PC_12
   Definitions
      At line 6 in file M4.s
   Uses
      At line 57 in file M4.s
Comment: SCU_PC_12 used once
SCU_PC_13 40086634

Symbol: SCU_PC_13
   Definitions
      At line 7 in file M4.s
   Uses
      At line 61 in file M4.s
Comment: SCU_PC_13 used once
STACK_SIZE 00000400

Symbol: STACK_SIZE
   Definitions
      At line 21 in file M4.s
   Uses
      At line 41 in file M4.s
Comment: STACK_SIZE used once
Sign_Value 5A5A5A5A

Symbol: Sign_Value
   Definitions
      At line 20 in file M4.s
   Uses
      At line 30 in file M4.s
Comment: Sign_Value used once
20 symbols



ARM Macro Assembler    Page 1 Alphabetic symbol ordering
External symbols

Reset_Handler_M0 00000000

Symbol: Reset_Handler_M0
   Definitions
      At line 38 in file M4.s
   Uses
      None
Comment: Reset_Handler_M0 unused
1 symbol
371 symbols in table
