


ARM Macro Assembler    Page 1 


    1 00000000 01000000 
                       DELAY_BEFORE_START
                               EQU              0x01000000
    2 00000000 5A5A5A5A 
                       Sign_Value
                               EQU              0x5A5A5A5A
    3 00000000 00000400 
                       STACK_SIZE
                               EQU              0x00000400
    4 00000000         
    5 00000000 40086784 
                       SCU_PF_1
                               EQU              0x40086784
    6 00000000 40086788 
                       SCU_PF_2
                               EQU              0x40086788
    7 00000000 4008678C 
                       SCU_PF_3
                               EQU              0x4008678C
    8 00000000 400867A4 
                       SCU_PF_9
                               EQU              0x400867A4
    9 00000000 4008630C 
                       SCU_P6_3
                               EQU              0x4008630C
   10 00000000 40086318 
                       SCU_P6_6
                               EQU              0x40086318
   11 00000000 40086688 
                       SCU_PD_2
                               EQU              0x40086688
   12 00000000 4008639C 
                       SCU_P7_7
                               EQU              0x4008639C
   13 00000000 40086400 
                       SCU_P8_0
                               EQU              0x40086400
   14 00000000 40086388 
                       SCU_P7_2
                               EQU              0x40086388
   15 00000000         
   16 00000000 40101000 
                       OUT_MUX_CFG0
                               EQU              0x40101000
   17 00000000 40101004 
                       OUT_MUX_CFG1
                               EQU              0x40101004
   18 00000000 40101008 
                       OUT_MUX_CFG2
                               EQU              0x40101008
   19 00000000 4010100C 
                       OUT_MUX_CFG3
                               EQU              0x4010100C
   20 00000000 40101010 
                       OUT_MUX_CFG4
                               EQU              0x40101010
   21 00000000 40101014 
                       OUT_MUX_CFG5
                               EQU              0x40101014



ARM Macro Assembler    Page 2 


   22 00000000 40101018 
                       OUT_MUX_CFG6
                               EQU              0x40101018
   23 00000000 4010101C 
                       OUT_MUX_CFG7
                               EQU              0x4010101C
   24 00000000 40101020 
                       OUT_MUX_CFG8
                               EQU              0x40101020
   25 00000000         
   26 00000000 40101040 
                       SGPIO_MUX_CFGA
                               EQU              0x40101040
   27 00000000 40101080 
                       SLICE_MUX_CFG0
                               EQU              0x40101080
   28 00000000 401010C0 
                       REGA    EQU              0x401010C0
   29 00000000 40101100 
                       REGA_SS EQU              0x40101100
   30 00000000 40101140 
                       PRESET0 EQU              0x40101140
   31 00000000 40101180 
                       COUNT0  EQU              0x40101180
   32 00000000 401011C0 
                       POS0    EQU              0x401011C0
   33 00000000 4010121C 
                       CTRL_ENABLED
                               EQU              0x4010121C
   34 00000000 40101218 
                       GPIO_OENREG
                               EQU              0x40101218
   35 00000000         
   36 00000000 40101200 
                       MASK_A  EQU              0x40101200
   37 00000000 40101F24 
                       SET_EN_1
                               EQU              0X40101F24
   38 00000000 40101F44 
                       SET_EN_2
                               EQU              0x40101F44
   39 00000000         
   40 00000000 E000E100 
                       ISER0   EQU              0xE000E100
   41 00000000 E000E404 
                       IPR1    EQU              0xE000E404
   42 00000000         
   43 00000000 FFFFFFFF 
                       CONSTANT
                               EQU              0xFFFFFFFF
   44 00000000         ;CONSTANT               EQU 0x00000040
   45 00000000         ;CONSTANT               EQU 0x0
   46 00000000 FDA85500 
                       CONSTANTA
                               EQU              0xFDA85500
   47 00000000         
   48 00000000                 EXPORT           __initial_sp       [WEAK]
   49 00000000                 EXPORT           Reset_Handler      [WEAK]
   50 00000000                 EXPORT           NMI_Handler        [WEAK]



ARM Macro Assembler    Page 3 


   51 00000000                 EXPORT           HardFault_Handler  [WEAK]
   52 00000000                 EXPORT           MemManage_Handler  [WEAK]
   53 00000000                 EXPORT           BusFault_Handler   [WEAK]
   54 00000000                 EXPORT           UsageFault_Handler [WEAK]
   55 00000000                 EXPORT           Sign_Value         [WEAK]
   56 00000000                 EXPORT           SVC_Handler        [WEAK]
   57 00000000                 EXPORT           DebugMon_Handler   [WEAK]
   58 00000000                 EXPORT           PendSV_Handler     [WEAK]
   59 00000000                 EXPORT           SysTick_Handler    [WEAK]
   60 00000000         
   61 00000000                 EXPORT           DAC [WEAK]
   62 00000000                 EXPORT           M0APP [WEAK]
   63 00000000                 EXPORT           DMA [WEAK]
   64 00000000                 EXPORT           FLASHEEPROM [WEAK]
   65 00000000                 EXPORT           ETHERNET [WEAK]
   66 00000000                 EXPORT           SDIO [WEAK]
   67 00000000                 EXPORT           LCD [WEAK]
   68 00000000                 EXPORT           USB0 [WEAK]
   69 00000000                 EXPORT           USB1 [WEAK]
   70 00000000                 EXPORT           SCTimer_PWM [WEAK]
   71 00000000                 EXPORT           RITIMER [WEAK]
   72 00000000                 EXPORT           TIMER0 [WEAK]
   73 00000000                 EXPORT           TIMER1 [WEAK]
   74 00000000                 EXPORT           TIMER2 [WEAK]
   75 00000000                 EXPORT           TIMER3 [WEAK]
   76 00000000                 EXPORT           MCPWM [WEAK]
   77 00000000                 EXPORT           ADC0 [WEAK]
   78 00000000                 EXPORT           I2C0 [WEAK]
   79 00000000                 EXPORT           I2C1 [WEAK]
   80 00000000                 EXPORT           SPI [WEAK]
   81 00000000                 EXPORT           ADC1 [WEAK]
   82 00000000                 EXPORT           SSP0 [WEAK]
   83 00000000                 EXPORT           SSP1 [WEAK]
   84 00000000                 EXPORT           USART0 [WEAK]
   85 00000000                 EXPORT           UART1 [WEAK]
   86 00000000                 EXPORT           USART2 [WEAK]
   87 00000000                 EXPORT           USART3 [WEAK]
   88 00000000                 EXPORT           I2S0 [WEAK]
   89 00000000                 EXPORT           I2S1 [WEAK]
   90 00000000                 EXPORT           SPIFI [WEAK]
   91 00000000                 EXPORT           SGPIO [WEAK]
   92 00000000         
   93 00000000                 AREA             STACK, NOINIT, READWRITE, ALIGN
=3
   94 00000000         Stack_Mem
                               SPACE            STACK_SIZE
   95 00000400         __initial_sp
   96 00000400         
   97 00000400                 AREA             beg, CODE, READONLY
   98 00000000                 ENTRY
   99 00000000         
  100 00000000         Reset_Handler
                               PROC
  101 00000000         ;Make delay before actual start (for JTAG)
  102 00000000 F04F 7080       ldr              r0,=DELAY_BEFORE_START
  103 00000004         delay
  104 00000004 3801            subs             r0,#0x01
  105 00000006 D1FD            bne              delay
  106 00000008         



ARM Macro Assembler    Page 4 


  107 00000008         ;Disable all counters
  108 00000008 4845            ldr              r0,=CTRL_ENABLED
  109 0000000A F04F 0100       ldr              r1,=0x0
  110 0000000E 6001            str              r1, [r0]
  111 00000010         
  112 00000010         ;Set up SCUs
  113 00000010 4844            ldr              r0,=SCU_PF_1
  114 00000012 F04F 0166       ldr              r1,=0x66
  115 00000016 6001            str              r1, [r0]
  116 00000018         
  117 00000018 4843            ldr              r0,=SCU_PF_2
  118 0000001A 6001            str              r1, [r0]
  119 0000001C         
  120 0000001C 4843            ldr              r0,=SCU_PF_3
  121 0000001E 6001            str              r1, [r0]
  122 00000020         
  123 00000020 4843            ldr              r0,=SCU_PF_9
  124 00000022 6001            str              r1, [r0]
  125 00000024         
  126 00000024 4843            ldr              r0,=SCU_P6_3
  127 00000026 F04F 0162       ldr              r1,=0x62
  128 0000002A 6001            str              r1, [r0]
  129 0000002C         
  130 0000002C 4842            ldr              r0,=SCU_P6_6
  131 0000002E 6001            str              r1, [r0]
  132 00000030         
  133 00000030 4842            ldr              r0,=SCU_P7_7
  134 00000032 F04F 0167       ldr              r1,=0x67
  135 00000036 6001            str              r1, [r0]
  136 00000038         
  137 00000038 4841            ldr              r0,=SCU_PD_2
  138 0000003A 6001            str              r1, [r0]
  139 0000003C         
  140 0000003C 4841            ldr              r0,=SCU_P7_2
  141 0000003E 6001            str              r1, [r0]
  142 00000040         
  143 00000040 4841            ldr              r0,=SCU_P8_0
  144 00000042 F04F 0164       ldr              r1,=0x64
  145 00000046 6001            str              r1, [r0]
  146 00000048         
  147 00000048         ;Set up 8-bit 8a mode
  148 00000048         ;Slice A
  149 00000048 4840            ldr              r0,=OUT_MUX_CFG0
  150 0000004A F04F 0109       ldr              r1,=0x9
  151 0000004E 6001            str              r1, [r0]
  152 00000050         
  153 00000050 483F            ldr              r0,=OUT_MUX_CFG1
  154 00000052 6001            str              r1, [r0]
  155 00000054         
  156 00000054 483F            ldr              r0,=OUT_MUX_CFG2
  157 00000056 6001            str              r1, [r0]
  158 00000058         
  159 00000058 483F            ldr              r0,=OUT_MUX_CFG3
  160 0000005A 6001            str              r1, [r0]
  161 0000005C         
  162 0000005C 483F            ldr              r0,=OUT_MUX_CFG4
  163 0000005E 6001            str              r1, [r0]
  164 00000060         
  165 00000060 483F            ldr              r0,=OUT_MUX_CFG5



ARM Macro Assembler    Page 5 


  166 00000062 6001            str              r1, [r0]
  167 00000064         
  168 00000064 483F            ldr              r0,=OUT_MUX_CFG6
  169 00000066 6001            str              r1, [r0]
  170 00000068         
  171 00000068 483F            ldr              r0,=OUT_MUX_CFG7
  172 0000006A 6001            str              r1, [r0]
  173 0000006C         
  174 0000006C         ;SGPIO8 - Ack
  175 0000006C 483F            ldr              r0,=OUT_MUX_CFG8
  176 0000006E F04F 0108       ldr              r1,=0x8
  177 00000072 6001            str              r1, [r0]
  178 00000074         
  179 00000074         ;Set up SGPIO_MUX_CFGA
  180 00000074 483E            ldr              r0,=SGPIO_MUX_CFGA
  181 00000076 F04F 0101       ldr              r1,=0x01
  182 0000007A         ;ldr r1,=0x81
  183 0000007A 6001            str              r1, [r0]
  184 0000007C         
  185 0000007C         ;Set up SLICE_MUX_CFG0
  186 0000007C 483D            ldr              r0,=SLICE_MUX_CFG0
  187 0000007E F04F 01C4       ldr              r1,=0xC4
  188 00000082         ;ldr r1,=0x0
  189 00000082 6001            str              r1, [r0]
  190 00000084         
  191 00000084         ;Set up REGA
  192 00000084 483C            ldr              r0,=REGA
  193 00000086 F04F 31FF       ldr              r1,=CONSTANT
  194 0000008A 6001            str              r1, [r0]
  195 0000008C         
  196 0000008C         ;Set up mask
  197 0000008C 483B            ldr              r0,=REGA_SS
  198 0000008E 493C            ldr              r1,=CONSTANTA
  199 00000090 6001            str              r1, [r0]
  200 00000092         
  201 00000092         ;Set up PRESET0
  202 00000092 483C            ldr              r0,=PRESET0
  203 00000094 F04F 0100       ldr              r1,=0x00
  204 00000098 6001            str              r1, [r0]
  205 0000009A         
  206 0000009A         ;Set up COUNT0
  207 0000009A         ;ldr r0,=COUNT0
  208 0000009A         ;ldr r1,=0x01
  209 0000009A         ;str r1, [r0]
  210 0000009A         
  211 0000009A         ;Set up POS0
  212 0000009A 483B            ldr              r0,=POS0
  213 0000009C F44F 417F       ldr              r1,=0xFF00
  214 000000A0 6001            str              r1, [r0]
  215 000000A2         
  216 000000A2         ;Disable output pins
  217 000000A2 483A            ldr              r0,=GPIO_OENREG
  218 000000A4 F04F 0100       ldr              r1,=0x0
  219 000000A8 6001            str              r1, [r0]
  220 000000AA         
  221 000000AA         ;Enable pattern match interrupt
  222 000000AA         ;ldr r0,=SET_EN_2
  223 000000AA         ;ldr r1,=0x1
  224 000000AA         ;str r1, [r0]



ARM Macro Assembler    Page 6 


  225 000000AA         
  226 000000AA         ;Set up interrupt priority
  227 000000AA         ;ldr r0,=IPR1
  228 000000AA         ;ldr r1,=0x1000000
  229 000000AA         ;str r1, [r0]
  230 000000AA         
  231 000000AA         ;Enable interrupts
  232 000000AA B662            cpsie            i
  233 000000AC         
  234 000000AC         ;Enable SGPIO interrupt
  235 000000AC 4838            ldr              r0,=ISER0
  236 000000AE F04F 4100       ldr              r1,=0x80000000
  237 000000B2 6001            str              r1, [r0]
  238 000000B4         
  239 000000B4         ;Enable exchange clock interrupt
  240 000000B4 4837            ldr              r0,=SET_EN_1
  241 000000B6 F04F 0101       ldr              r1,=0x1
  242 000000BA 6001            str              r1, [r0]
  243 000000BC         
  244 000000BC         ;Enable counter
  245 000000BC 4818            ldr              r0,=CTRL_ENABLED
  246 000000BE F04F 0101       ldr              r1,=0x1
  247 000000C2 6001            str              r1, [r0]
  248 000000C4         
  249 000000C4         lp
  250 000000C4 E7FE            b                lp
  251 000000C6                 ENDP
  252 000000C6         
  253 000000C6         NMI_Handler
                               PROC
  254 000000C6 E7FE            b                NMI_Handler
  255 000000C8                 ENDP
  256 000000C8         
  257 000000C8         HardFault_Handler
                               PROC
  258 000000C8 E7FE            b                HardFault_Handler
  259 000000CA                 ENDP
  260 000000CA         
  261 000000CA         MemManage_Handler
                               PROC
  262 000000CA E7FE            b                MemManage_Handler
  263 000000CC                 ENDP
  264 000000CC         
  265 000000CC         BusFault_Handler
                               PROC
  266 000000CC E7FE            b                BusFault_Handler
  267 000000CE                 ENDP
  268 000000CE         
  269 000000CE         UsageFault_Handler
                               PROC
  270 000000CE E7FE            b                UsageFault_Handler
  271 000000D0                 ENDP
  272 000000D0         
  273 000000D0         SVC_Handler
                               PROC
  274 000000D0 E7FE            b                SVC_Handler
  275 000000D2                 ENDP
  276 000000D2         
  277 000000D2         DebugMon_Handler



ARM Macro Assembler    Page 7 


                               PROC
  278 000000D2 E7FE            b                DebugMon_Handler
  279 000000D4                 ENDP
  280 000000D4         
  281 000000D4         PendSV_Handler
                               PROC
  282 000000D4 E7FE            b                PendSV_Handler
  283 000000D6                 ENDP
  284 000000D6         
  285 000000D6         SysTick_Handler
                               PROC
  286 000000D6 E7FE            b                SysTick_Handler
  287 000000D8                 ENDP
  288 000000D8         
  289 000000D8         DAC     PROC
  290 000000D8 E7FE            b                DAC
  291 000000DA                 ENDP
  292 000000DA         
  293 000000DA         M0APP   PROC
  294 000000DA E7FE            b                M0APP
  295 000000DC                 ENDP
  296 000000DC         
  297 000000DC         DMA     PROC
  298 000000DC E7FE            b                DMA
  299 000000DE                 ENDP
  300 000000DE         
  301 000000DE         FLASHEEPROM
                               PROC
  302 000000DE E7FE            b                FLASHEEPROM
  303 000000E0                 ENDP
  304 000000E0         
  305 000000E0         ETHERNET
                               PROC
  306 000000E0 E7FE            b                ETHERNET
  307 000000E2                 ENDP
  308 000000E2         
  309 000000E2         SDIO    PROC
  310 000000E2 E7FE            b                SDIO
  311 000000E4                 ENDP
  312 000000E4         
  313 000000E4         LCD     PROC
  314 000000E4 E7FE            b                LCD
  315 000000E6                 ENDP
  316 000000E6         
  317 000000E6         USB0    PROC
  318 000000E6 E7FE            b                USB0
  319 000000E8                 ENDP
  320 000000E8         
  321 000000E8         USB1    PROC
  322 000000E8 E7FE            b                USB1
  323 000000EA                 ENDP
  324 000000EA         
  325 000000EA         SCTimer_PWM
                               PROC
  326 000000EA E7FE            b                SCTimer_PWM
  327 000000EC                 ENDP
  328 000000EC         
  329 000000EC         RITIMER PROC
  330 000000EC E7FE            b                RITIMER



ARM Macro Assembler    Page 8 


  331 000000EE                 ENDP
  332 000000EE         
  333 000000EE         TIMER0  PROC
  334 000000EE E7FE            b                TIMER0
  335 000000F0                 ENDP
  336 000000F0         
  337 000000F0         TIMER1  PROC
  338 000000F0 E7FE            b                TIMER1
  339 000000F2                 ENDP
  340 000000F2         
  341 000000F2         TIMER2  PROC
  342 000000F2 E7FE            b                TIMER2
  343 000000F4                 ENDP
  344 000000F4         
  345 000000F4         TIMER3  PROC
  346 000000F4 E7FE            b                TIMER3
  347 000000F6                 ENDP
  348 000000F6         
  349 000000F6         MCPWM   PROC
  350 000000F6 E7FE            b                MCPWM
  351 000000F8                 ENDP
  352 000000F8         
  353 000000F8         ADC0    PROC
  354 000000F8 E7FE            b                ADC0
  355 000000FA                 ENDP
  356 000000FA         
  357 000000FA         I2C0    PROC
  358 000000FA E7FE            b                I2C0
  359 000000FC                 ENDP
  360 000000FC         
  361 000000FC         I2C1    PROC
  362 000000FC E7FE            b                I2C1
  363 000000FE                 ENDP
  364 000000FE         
  365 000000FE         SPI     PROC
  366 000000FE E7FE            b                SPI
  367 00000100                 ENDP
  368 00000100         
  369 00000100         ADC1    PROC
  370 00000100 E7FE            b                ADC1
  371 00000102                 ENDP
  372 00000102         
  373 00000102         SSP0    PROC
  374 00000102 E7FE            b                SSP0
  375 00000104                 ENDP
  376 00000104         
  377 00000104         SSP1    PROC
  378 00000104 E7FE            b                SSP1
  379 00000106                 ENDP
  380 00000106         
  381 00000106         USART0  PROC
  382 00000106 E7FE            b                USART0
  383 00000108                 ENDP
  384 00000108         
  385 00000108         UART1   PROC
  386 00000108 E7FE            b                UART1
  387 0000010A                 ENDP
  388 0000010A         
  389 0000010A         USART2  PROC



ARM Macro Assembler    Page 9 


  390 0000010A E7FE            b                USART2
  391 0000010C                 ENDP
  392 0000010C         
  393 0000010C         USART3  PROC
  394 0000010C E7FE            b                USART3
  395 0000010E                 ENDP
  396 0000010E         
  397 0000010E         I2S0    PROC
  398 0000010E E7FE            b                I2S0
  399 00000110                 ENDP
  400 00000110         
  401 00000110         I2S1    PROC
  402 00000110 E7FE            b                I2S1
  403 00000112                 ENDP
  404 00000112         
  405 00000112         SPIFI   PROC
  406 00000112 E7FE            b                SPIFI
  407 00000114                 ENDP
  408 00000114         
  409 00000114         SGPIO   PROC
  410 00000114         
  411 00000114         ;Disable counter
  412 00000114 4802            ldr              r0,=CTRL_ENABLED
  413 00000116 F04F 0100       ldr              r1,=0x0
  414 0000011A 6001            str              r1, [r0]
  415 0000011C         
  416 0000011C         stop
  417 0000011C E7FE            b                stop
  418 0000011E                 ENDP
  419 0000011E                 END
              00 00 4010121C 
              40086784 
              40086788 
              4008678C 
              400867A4 
              4008630C 
              40086318 
              4008639C 
              40086688 
              40086388 
              40086400 
              40101000 
              40101004 
              40101008 
              4010100C 
              40101010 
              40101014 
              40101018 
              4010101C 
              40101020 
              40101040 
              40101080 
              401010C0 
              40101100 
              FDA85500 
              40101140 
              401011C0 
              40101218 
              E000E100 



ARM Macro Assembler    Page 10 


              40101F24 
Command Line: --debug --xref --diag_suppress=9931 --cpu=Cortex-M4.fp --apcs=int
erwork --depend=.\sgpio.d -o.\sgpio.o -IC:\Keil_v5\ARM\RV31\INC -IC:\Keil_v5\AR
M\CMSIS\Include -IC:\Keil_v5\ARM\Inc\NXP\LPC43xx --predefine="__UVISION_VERSION
 SETA 522" --list=.\sgpio.lst sgpio.s



ARM Macro Assembler    Page 1 Alphabetic symbol ordering
Relocatable symbols

STACK 00000000

Symbol: STACK
   Definitions
      At line 93 in file sgpio.s
   Uses
      None
Comment: STACK unused
Stack_Mem 00000000

Symbol: Stack_Mem
   Definitions
      At line 94 in file sgpio.s
   Uses
      None
Comment: Stack_Mem unused
__initial_sp 00000400

Symbol: __initial_sp
   Definitions
      At line 95 in file sgpio.s
   Uses
      At line 48 in file sgpio.s
Comment: __initial_sp used once
3 symbols



ARM Macro Assembler    Page 1 Alphabetic symbol ordering
Relocatable symbols

ADC0 000000F8

Symbol: ADC0
   Definitions
      At line 353 in file sgpio.s
   Uses
      At line 77 in file sgpio.s
      At line 354 in file sgpio.s

ADC1 00000100

Symbol: ADC1
   Definitions
      At line 369 in file sgpio.s
   Uses
      At line 81 in file sgpio.s
      At line 370 in file sgpio.s

BusFault_Handler 000000CC

Symbol: BusFault_Handler
   Definitions
      At line 265 in file sgpio.s
   Uses
      At line 53 in file sgpio.s
      At line 266 in file sgpio.s

DAC 000000D8

Symbol: DAC
   Definitions
      At line 289 in file sgpio.s
   Uses
      At line 61 in file sgpio.s
      At line 290 in file sgpio.s

DMA 000000DC

Symbol: DMA
   Definitions
      At line 297 in file sgpio.s
   Uses
      At line 63 in file sgpio.s
      At line 298 in file sgpio.s

DebugMon_Handler 000000D2

Symbol: DebugMon_Handler
   Definitions
      At line 277 in file sgpio.s
   Uses
      At line 57 in file sgpio.s
      At line 278 in file sgpio.s

ETHERNET 000000E0

Symbol: ETHERNET
   Definitions
      At line 305 in file sgpio.s



ARM Macro Assembler    Page 2 Alphabetic symbol ordering
Relocatable symbols

   Uses
      At line 65 in file sgpio.s
      At line 306 in file sgpio.s

FLASHEEPROM 000000DE

Symbol: FLASHEEPROM
   Definitions
      At line 301 in file sgpio.s
   Uses
      At line 64 in file sgpio.s
      At line 302 in file sgpio.s

HardFault_Handler 000000C8

Symbol: HardFault_Handler
   Definitions
      At line 257 in file sgpio.s
   Uses
      At line 51 in file sgpio.s
      At line 258 in file sgpio.s

I2C0 000000FA

Symbol: I2C0
   Definitions
      At line 357 in file sgpio.s
   Uses
      At line 78 in file sgpio.s
      At line 358 in file sgpio.s

I2C1 000000FC

Symbol: I2C1
   Definitions
      At line 361 in file sgpio.s
   Uses
      At line 79 in file sgpio.s
      At line 362 in file sgpio.s

I2S0 0000010E

Symbol: I2S0
   Definitions
      At line 397 in file sgpio.s
   Uses
      At line 88 in file sgpio.s
      At line 398 in file sgpio.s

I2S1 00000110

Symbol: I2S1
   Definitions
      At line 401 in file sgpio.s
   Uses
      At line 89 in file sgpio.s
      At line 402 in file sgpio.s

LCD 000000E4



ARM Macro Assembler    Page 3 Alphabetic symbol ordering
Relocatable symbols


Symbol: LCD
   Definitions
      At line 313 in file sgpio.s
   Uses
      At line 67 in file sgpio.s
      At line 314 in file sgpio.s

M0APP 000000DA

Symbol: M0APP
   Definitions
      At line 293 in file sgpio.s
   Uses
      At line 62 in file sgpio.s
      At line 294 in file sgpio.s

MCPWM 000000F6

Symbol: MCPWM
   Definitions
      At line 349 in file sgpio.s
   Uses
      At line 76 in file sgpio.s
      At line 350 in file sgpio.s

MemManage_Handler 000000CA

Symbol: MemManage_Handler
   Definitions
      At line 261 in file sgpio.s
   Uses
      At line 52 in file sgpio.s
      At line 262 in file sgpio.s

NMI_Handler 000000C6

Symbol: NMI_Handler
   Definitions
      At line 253 in file sgpio.s
   Uses
      At line 50 in file sgpio.s
      At line 254 in file sgpio.s

PendSV_Handler 000000D4

Symbol: PendSV_Handler
   Definitions
      At line 281 in file sgpio.s
   Uses
      At line 58 in file sgpio.s
      At line 282 in file sgpio.s

RITIMER 000000EC

Symbol: RITIMER
   Definitions
      At line 329 in file sgpio.s
   Uses



ARM Macro Assembler    Page 4 Alphabetic symbol ordering
Relocatable symbols

      At line 71 in file sgpio.s
      At line 330 in file sgpio.s

Reset_Handler 00000000

Symbol: Reset_Handler
   Definitions
      At line 100 in file sgpio.s
   Uses
      At line 49 in file sgpio.s
Comment: Reset_Handler used once
SCTimer_PWM 000000EA

Symbol: SCTimer_PWM
   Definitions
      At line 325 in file sgpio.s
   Uses
      At line 70 in file sgpio.s
      At line 326 in file sgpio.s

SDIO 000000E2

Symbol: SDIO
   Definitions
      At line 309 in file sgpio.s
   Uses
      At line 66 in file sgpio.s
      At line 310 in file sgpio.s

SGPIO 00000114

Symbol: SGPIO
   Definitions
      At line 409 in file sgpio.s
   Uses
      At line 91 in file sgpio.s
Comment: SGPIO used once
SPI 000000FE

Symbol: SPI
   Definitions
      At line 365 in file sgpio.s
   Uses
      At line 80 in file sgpio.s
      At line 366 in file sgpio.s

SPIFI 00000112

Symbol: SPIFI
   Definitions
      At line 405 in file sgpio.s
   Uses
      At line 90 in file sgpio.s
      At line 406 in file sgpio.s

SSP0 00000102

Symbol: SSP0
   Definitions



ARM Macro Assembler    Page 5 Alphabetic symbol ordering
Relocatable symbols

      At line 373 in file sgpio.s
   Uses
      At line 82 in file sgpio.s
      At line 374 in file sgpio.s

SSP1 00000104

Symbol: SSP1
   Definitions
      At line 377 in file sgpio.s
   Uses
      At line 83 in file sgpio.s
      At line 378 in file sgpio.s

SVC_Handler 000000D0

Symbol: SVC_Handler
   Definitions
      At line 273 in file sgpio.s
   Uses
      At line 56 in file sgpio.s
      At line 274 in file sgpio.s

SysTick_Handler 000000D6

Symbol: SysTick_Handler
   Definitions
      At line 285 in file sgpio.s
   Uses
      At line 59 in file sgpio.s
      At line 286 in file sgpio.s

TIMER0 000000EE

Symbol: TIMER0
   Definitions
      At line 333 in file sgpio.s
   Uses
      At line 72 in file sgpio.s
      At line 334 in file sgpio.s

TIMER1 000000F0

Symbol: TIMER1
   Definitions
      At line 337 in file sgpio.s
   Uses
      At line 73 in file sgpio.s
      At line 338 in file sgpio.s

TIMER2 000000F2

Symbol: TIMER2
   Definitions
      At line 341 in file sgpio.s
   Uses
      At line 74 in file sgpio.s
      At line 342 in file sgpio.s




ARM Macro Assembler    Page 6 Alphabetic symbol ordering
Relocatable symbols

TIMER3 000000F4

Symbol: TIMER3
   Definitions
      At line 345 in file sgpio.s
   Uses
      At line 75 in file sgpio.s
      At line 346 in file sgpio.s

UART1 00000108

Symbol: UART1
   Definitions
      At line 385 in file sgpio.s
   Uses
      At line 85 in file sgpio.s
      At line 386 in file sgpio.s

USART0 00000106

Symbol: USART0
   Definitions
      At line 381 in file sgpio.s
   Uses
      At line 84 in file sgpio.s
      At line 382 in file sgpio.s

USART2 0000010A

Symbol: USART2
   Definitions
      At line 389 in file sgpio.s
   Uses
      At line 86 in file sgpio.s
      At line 390 in file sgpio.s

USART3 0000010C

Symbol: USART3
   Definitions
      At line 393 in file sgpio.s
   Uses
      At line 87 in file sgpio.s
      At line 394 in file sgpio.s

USB0 000000E6

Symbol: USB0
   Definitions
      At line 317 in file sgpio.s
   Uses
      At line 68 in file sgpio.s
      At line 318 in file sgpio.s

USB1 000000E8

Symbol: USB1
   Definitions
      At line 321 in file sgpio.s



ARM Macro Assembler    Page 7 Alphabetic symbol ordering
Relocatable symbols

   Uses
      At line 69 in file sgpio.s
      At line 322 in file sgpio.s

UsageFault_Handler 000000CE

Symbol: UsageFault_Handler
   Definitions
      At line 269 in file sgpio.s
   Uses
      At line 54 in file sgpio.s
      At line 270 in file sgpio.s

beg 00000000

Symbol: beg
   Definitions
      At line 97 in file sgpio.s
   Uses
      None
Comment: beg unused
delay 00000004

Symbol: delay
   Definitions
      At line 103 in file sgpio.s
   Uses
      At line 105 in file sgpio.s
Comment: delay used once
lp 000000C4

Symbol: lp
   Definitions
      At line 249 in file sgpio.s
   Uses
      At line 250 in file sgpio.s
Comment: lp used once
stop 0000011C

Symbol: stop
   Definitions
      At line 416 in file sgpio.s
   Uses
      At line 417 in file sgpio.s
Comment: stop used once
45 symbols



ARM Macro Assembler    Page 1 Alphabetic symbol ordering
Absolute symbols

CONSTANT FFFFFFFF

Symbol: CONSTANT
   Definitions
      At line 43 in file sgpio.s
   Uses
      At line 193 in file sgpio.s
Comment: CONSTANT used once
CONSTANTA FDA85500

Symbol: CONSTANTA
   Definitions
      At line 46 in file sgpio.s
   Uses
      At line 198 in file sgpio.s
Comment: CONSTANTA used once
COUNT0 40101180

Symbol: COUNT0
   Definitions
      At line 31 in file sgpio.s
   Uses
      None
Comment: COUNT0 unused
CTRL_ENABLED 4010121C

Symbol: CTRL_ENABLED
   Definitions
      At line 33 in file sgpio.s
   Uses
      At line 108 in file sgpio.s
      At line 245 in file sgpio.s
      At line 412 in file sgpio.s

DELAY_BEFORE_START 01000000

Symbol: DELAY_BEFORE_START
   Definitions
      At line 1 in file sgpio.s
   Uses
      At line 102 in file sgpio.s
Comment: DELAY_BEFORE_START used once
GPIO_OENREG 40101218

Symbol: GPIO_OENREG
   Definitions
      At line 34 in file sgpio.s
   Uses
      At line 217 in file sgpio.s
Comment: GPIO_OENREG used once
IPR1 E000E404

Symbol: IPR1
   Definitions
      At line 41 in file sgpio.s
   Uses
      None
Comment: IPR1 unused
ISER0 E000E100



ARM Macro Assembler    Page 2 Alphabetic symbol ordering
Absolute symbols


Symbol: ISER0
   Definitions
      At line 40 in file sgpio.s
   Uses
      At line 235 in file sgpio.s
Comment: ISER0 used once
MASK_A 40101200

Symbol: MASK_A
   Definitions
      At line 36 in file sgpio.s
   Uses
      None
Comment: MASK_A unused
OUT_MUX_CFG0 40101000

Symbol: OUT_MUX_CFG0
   Definitions
      At line 16 in file sgpio.s
   Uses
      At line 149 in file sgpio.s
Comment: OUT_MUX_CFG0 used once
OUT_MUX_CFG1 40101004

Symbol: OUT_MUX_CFG1
   Definitions
      At line 17 in file sgpio.s
   Uses
      At line 153 in file sgpio.s
Comment: OUT_MUX_CFG1 used once
OUT_MUX_CFG2 40101008

Symbol: OUT_MUX_CFG2
   Definitions
      At line 18 in file sgpio.s
   Uses
      At line 156 in file sgpio.s
Comment: OUT_MUX_CFG2 used once
OUT_MUX_CFG3 4010100C

Symbol: OUT_MUX_CFG3
   Definitions
      At line 19 in file sgpio.s
   Uses
      At line 159 in file sgpio.s
Comment: OUT_MUX_CFG3 used once
OUT_MUX_CFG4 40101010

Symbol: OUT_MUX_CFG4
   Definitions
      At line 20 in file sgpio.s
   Uses
      At line 162 in file sgpio.s
Comment: OUT_MUX_CFG4 used once
OUT_MUX_CFG5 40101014

Symbol: OUT_MUX_CFG5
   Definitions



ARM Macro Assembler    Page 3 Alphabetic symbol ordering
Absolute symbols

      At line 21 in file sgpio.s
   Uses
      At line 165 in file sgpio.s
Comment: OUT_MUX_CFG5 used once
OUT_MUX_CFG6 40101018

Symbol: OUT_MUX_CFG6
   Definitions
      At line 22 in file sgpio.s
   Uses
      At line 168 in file sgpio.s
Comment: OUT_MUX_CFG6 used once
OUT_MUX_CFG7 4010101C

Symbol: OUT_MUX_CFG7
   Definitions
      At line 23 in file sgpio.s
   Uses
      At line 171 in file sgpio.s
Comment: OUT_MUX_CFG7 used once
OUT_MUX_CFG8 40101020

Symbol: OUT_MUX_CFG8
   Definitions
      At line 24 in file sgpio.s
   Uses
      At line 175 in file sgpio.s
Comment: OUT_MUX_CFG8 used once
POS0 401011C0

Symbol: POS0
   Definitions
      At line 32 in file sgpio.s
   Uses
      At line 212 in file sgpio.s
Comment: POS0 used once
PRESET0 40101140

Symbol: PRESET0
   Definitions
      At line 30 in file sgpio.s
   Uses
      At line 202 in file sgpio.s
Comment: PRESET0 used once
REGA 401010C0

Symbol: REGA
   Definitions
      At line 28 in file sgpio.s
   Uses
      At line 192 in file sgpio.s
Comment: REGA used once
REGA_SS 40101100

Symbol: REGA_SS
   Definitions
      At line 29 in file sgpio.s
   Uses
      At line 197 in file sgpio.s



ARM Macro Assembler    Page 4 Alphabetic symbol ordering
Absolute symbols

Comment: REGA_SS used once
SCU_P6_3 4008630C

Symbol: SCU_P6_3
   Definitions
      At line 9 in file sgpio.s
   Uses
      At line 126 in file sgpio.s
Comment: SCU_P6_3 used once
SCU_P6_6 40086318

Symbol: SCU_P6_6
   Definitions
      At line 10 in file sgpio.s
   Uses
      At line 130 in file sgpio.s
Comment: SCU_P6_6 used once
SCU_P7_2 40086388

Symbol: SCU_P7_2
   Definitions
      At line 14 in file sgpio.s
   Uses
      At line 140 in file sgpio.s
Comment: SCU_P7_2 used once
SCU_P7_7 4008639C

Symbol: SCU_P7_7
   Definitions
      At line 12 in file sgpio.s
   Uses
      At line 133 in file sgpio.s
Comment: SCU_P7_7 used once
SCU_P8_0 40086400

Symbol: SCU_P8_0
   Definitions
      At line 13 in file sgpio.s
   Uses
      At line 143 in file sgpio.s
Comment: SCU_P8_0 used once
SCU_PD_2 40086688

Symbol: SCU_PD_2
   Definitions
      At line 11 in file sgpio.s
   Uses
      At line 137 in file sgpio.s
Comment: SCU_PD_2 used once
SCU_PF_1 40086784

Symbol: SCU_PF_1
   Definitions
      At line 5 in file sgpio.s
   Uses
      At line 113 in file sgpio.s
Comment: SCU_PF_1 used once
SCU_PF_2 40086788




ARM Macro Assembler    Page 5 Alphabetic symbol ordering
Absolute symbols

Symbol: SCU_PF_2
   Definitions
      At line 6 in file sgpio.s
   Uses
      At line 117 in file sgpio.s
Comment: SCU_PF_2 used once
SCU_PF_3 4008678C

Symbol: SCU_PF_3
   Definitions
      At line 7 in file sgpio.s
   Uses
      At line 120 in file sgpio.s
Comment: SCU_PF_3 used once
SCU_PF_9 400867A4

Symbol: SCU_PF_9
   Definitions
      At line 8 in file sgpio.s
   Uses
      At line 123 in file sgpio.s
Comment: SCU_PF_9 used once
SET_EN_1 40101F24

Symbol: SET_EN_1
   Definitions
      At line 37 in file sgpio.s
   Uses
      At line 240 in file sgpio.s
Comment: SET_EN_1 used once
SET_EN_2 40101F44

Symbol: SET_EN_2
   Definitions
      At line 38 in file sgpio.s
   Uses
      None
Comment: SET_EN_2 unused
SGPIO_MUX_CFGA 40101040

Symbol: SGPIO_MUX_CFGA
   Definitions
      At line 26 in file sgpio.s
   Uses
      At line 180 in file sgpio.s
Comment: SGPIO_MUX_CFGA used once
SLICE_MUX_CFG0 40101080

Symbol: SLICE_MUX_CFG0
   Definitions
      At line 27 in file sgpio.s
   Uses
      At line 186 in file sgpio.s
Comment: SLICE_MUX_CFG0 used once
STACK_SIZE 00000400

Symbol: STACK_SIZE
   Definitions
      At line 3 in file sgpio.s



ARM Macro Assembler    Page 6 Alphabetic symbol ordering
Absolute symbols

   Uses
      At line 94 in file sgpio.s
Comment: STACK_SIZE used once
Sign_Value 5A5A5A5A

Symbol: Sign_Value
   Definitions
      At line 2 in file sgpio.s
   Uses
      At line 55 in file sgpio.s
Comment: Sign_Value used once
38 symbols
420 symbols in table
