


ARM Macro Assembler    Page 1 


    1 00000000                 IMPORT           __initial_sp
    2 00000000                 IMPORT           Reset_Handler
    3 00000000                 IMPORT           NMI_Handler
    4 00000000                 IMPORT           HardFault_Handler
    5 00000000                 IMPORT           MemManage_Handler
    6 00000000                 IMPORT           BusFault_Handler
    7 00000000                 IMPORT           UsageFault_Handler
    8 00000000                 IMPORT           Sign_Value
    9 00000000                 IMPORT           SVC_Handler
   10 00000000                 IMPORT           DebugMon_Handler
   11 00000000                 IMPORT           PendSV_Handler
   12 00000000                 IMPORT           SysTick_Handler
   13 00000000         
   14 00000000                 IMPORT           DAC
   15 00000000                 IMPORT           M0APP
   16 00000000                 IMPORT           DMA
   17 00000000                 IMPORT           FLASHEEPROM
   18 00000000                 IMPORT           ETHERNET
   19 00000000                 IMPORT           SDIO
   20 00000000                 IMPORT           LCD
   21 00000000                 IMPORT           USB0
   22 00000000                 IMPORT           USB1
   23 00000000                 IMPORT           SCTimer_PWM
   24 00000000                 IMPORT           RITIMER
   25 00000000                 IMPORT           TIMER0
   26 00000000                 IMPORT           TIMER1
   27 00000000                 IMPORT           TIMER2
   28 00000000                 IMPORT           TIMER3
   29 00000000                 IMPORT           MCPWM
   30 00000000                 IMPORT           ADC0
   31 00000000                 IMPORT           I2C0
   32 00000000                 IMPORT           I2C1
   33 00000000                 IMPORT           SPI
   34 00000000                 IMPORT           ADC1
   35 00000000                 IMPORT           SSP0
   36 00000000                 IMPORT           SSP1
   37 00000000                 IMPORT           USART0
   38 00000000                 IMPORT           UART1
   39 00000000                 IMPORT           USART2
   40 00000000                 IMPORT           USART3
   41 00000000                 IMPORT           I2S0
   42 00000000                 IMPORT           I2S1
   43 00000000                 IMPORT           SPIFI
   44 00000000                 IMPORT           SGPIO
   45 00000000         
   46 00000000                 AREA             RESET, CODE, READONLY
   47 00000000                 THUMB
   48 00000000 00000000        dcd              __initial_sp
   49 00000004 00000000        dcd              Reset_Handler
   50 00000008 00000000        dcd              NMI_Handler
   51 0000000C 00000000        dcd              HardFault_Handler
   52 00000010 00000000        dcd              MemManage_Handler
   53 00000014 00000000        dcd              BusFault_Handler
   54 00000018 00000000        dcd              UsageFault_Handler
   55 0000001C 00000000        dcd              Sign_Value
   56 00000020 00000000        dcd              0
   57 00000024 00000000        dcd              0
   58 00000028 00000000        dcd              0
   59 0000002C 00000000        dcd              SVC_Handler



ARM Macro Assembler    Page 2 


   60 00000030 00000000        dcd              DebugMon_Handler
   61 00000034 00000000        dcd              0
   62 00000038 00000000        dcd              PendSV_Handler
   63 0000003C 00000000        dcd              SysTick_Handler
   64 00000040         
   65 00000040         ;External interrupts
   66 00000040 00000000        dcd              DAC
   67 00000044 00000000        dcd              M0APP
   68 00000048 00000000        dcd              DMA
   69 0000004C 00000000        dcd              0
   70 00000050 00000000        dcd              FLASHEEPROM
   71 00000054 00000000        dcd              ETHERNET
   72 00000058 00000000        dcd              SDIO
   73 0000005C 00000000        dcd              LCD
   74 00000060 00000000        dcd              USB0
   75 00000064 00000000        dcd              USB1
   76 00000068 00000000        dcd              SCTimer_PWM
   77 0000006C 00000000        dcd              RITIMER
   78 00000070 00000000        dcd              TIMER0
   79 00000074 00000000        dcd              TIMER1
   80 00000078 00000000        dcd              TIMER2
   81 0000007C 00000000        dcd              TIMER3
   82 00000080 00000000        dcd              MCPWM
   83 00000084 00000000        dcd              ADC0
   84 00000088 00000000        dcd              I2C0
   85 0000008C 00000000        dcd              I2C1
   86 00000090 00000000        dcd              SPI
   87 00000094 00000000        dcd              ADC1
   88 00000098 00000000        dcd              SSP0
   89 0000009C 00000000        dcd              SSP1
   90 000000A0 00000000        dcd              USART0
   91 000000A4 00000000        dcd              UART1
   92 000000A8 00000000        dcd              USART2
   93 000000AC 00000000        dcd              USART3
   94 000000B0 00000000        dcd              I2S0
   95 000000B4 00000000        dcd              I2S1
   96 000000B8 00000000        dcd              SPIFI
   97 000000BC 00000000        dcd              SGPIO
   98 000000C0         
   99 000000C0                 END
Command Line: --debug --xref --diag_suppress=9931 --cpu=Cortex-M4.fp --apcs=int
erwork --depend=.\table.d -o.\table.o -IC:\Keil_v5\ARM\RV31\INC -IC:\Keil_v5\AR
M\CMSIS\Include -IC:\Keil_v5\ARM\Inc\NXP\LPC43xx --predefine="__UVISION_VERSION
 SETA 522" --list=.\table.lst table.s



ARM Macro Assembler    Page 1 Alphabetic symbol ordering
Relocatable symbols

RESET 00000000

Symbol: RESET
   Definitions
      At line 46 in file table.s
   Uses
      None
Comment: RESET unused
1 symbol



ARM Macro Assembler    Page 1 Alphabetic symbol ordering
External symbols

ADC0 00000000

Symbol: ADC0
   Definitions
      At line 30 in file table.s
   Uses
      At line 83 in file table.s
Comment: ADC0 used once
ADC1 00000000

Symbol: ADC1
   Definitions
      At line 34 in file table.s
   Uses
      At line 87 in file table.s
Comment: ADC1 used once
BusFault_Handler 00000000

Symbol: BusFault_Handler
   Definitions
      At line 6 in file table.s
   Uses
      At line 53 in file table.s
Comment: BusFault_Handler used once
DAC 00000000

Symbol: DAC
   Definitions
      At line 14 in file table.s
   Uses
      At line 66 in file table.s
Comment: DAC used once
DMA 00000000

Symbol: DMA
   Definitions
      At line 16 in file table.s
   Uses
      At line 68 in file table.s
Comment: DMA used once
DebugMon_Handler 00000000

Symbol: DebugMon_Handler
   Definitions
      At line 10 in file table.s
   Uses
      At line 60 in file table.s
Comment: DebugMon_Handler used once
ETHERNET 00000000

Symbol: ETHERNET
   Definitions
      At line 18 in file table.s
   Uses
      At line 71 in file table.s
Comment: ETHERNET used once
FLASHEEPROM 00000000

Symbol: FLASHEEPROM



ARM Macro Assembler    Page 2 Alphabetic symbol ordering
External symbols

   Definitions
      At line 17 in file table.s
   Uses
      At line 70 in file table.s
Comment: FLASHEEPROM used once
HardFault_Handler 00000000

Symbol: HardFault_Handler
   Definitions
      At line 4 in file table.s
   Uses
      At line 51 in file table.s
Comment: HardFault_Handler used once
I2C0 00000000

Symbol: I2C0
   Definitions
      At line 31 in file table.s
   Uses
      At line 84 in file table.s
Comment: I2C0 used once
I2C1 00000000

Symbol: I2C1
   Definitions
      At line 32 in file table.s
   Uses
      At line 85 in file table.s
Comment: I2C1 used once
I2S0 00000000

Symbol: I2S0
   Definitions
      At line 41 in file table.s
   Uses
      At line 94 in file table.s
Comment: I2S0 used once
I2S1 00000000

Symbol: I2S1
   Definitions
      At line 42 in file table.s
   Uses
      At line 95 in file table.s
Comment: I2S1 used once
LCD 00000000

Symbol: LCD
   Definitions
      At line 20 in file table.s
   Uses
      At line 73 in file table.s
Comment: LCD used once
M0APP 00000000

Symbol: M0APP
   Definitions
      At line 15 in file table.s
   Uses



ARM Macro Assembler    Page 3 Alphabetic symbol ordering
External symbols

      At line 67 in file table.s
Comment: M0APP used once
MCPWM 00000000

Symbol: MCPWM
   Definitions
      At line 29 in file table.s
   Uses
      At line 82 in file table.s
Comment: MCPWM used once
MemManage_Handler 00000000

Symbol: MemManage_Handler
   Definitions
      At line 5 in file table.s
   Uses
      At line 52 in file table.s
Comment: MemManage_Handler used once
NMI_Handler 00000000

Symbol: NMI_Handler
   Definitions
      At line 3 in file table.s
   Uses
      At line 50 in file table.s
Comment: NMI_Handler used once
PendSV_Handler 00000000

Symbol: PendSV_Handler
   Definitions
      At line 11 in file table.s
   Uses
      At line 62 in file table.s
Comment: PendSV_Handler used once
RITIMER 00000000

Symbol: RITIMER
   Definitions
      At line 24 in file table.s
   Uses
      At line 77 in file table.s
Comment: RITIMER used once
Reset_Handler 00000000

Symbol: Reset_Handler
   Definitions
      At line 2 in file table.s
   Uses
      At line 49 in file table.s
Comment: Reset_Handler used once
SCTimer_PWM 00000000

Symbol: SCTimer_PWM
   Definitions
      At line 23 in file table.s
   Uses
      At line 76 in file table.s
Comment: SCTimer_PWM used once
SDIO 00000000



ARM Macro Assembler    Page 4 Alphabetic symbol ordering
External symbols


Symbol: SDIO
   Definitions
      At line 19 in file table.s
   Uses
      At line 72 in file table.s
Comment: SDIO used once
SGPIO 00000000

Symbol: SGPIO
   Definitions
      At line 44 in file table.s
   Uses
      At line 97 in file table.s
Comment: SGPIO used once
SPI 00000000

Symbol: SPI
   Definitions
      At line 33 in file table.s
   Uses
      At line 86 in file table.s
Comment: SPI used once
SPIFI 00000000

Symbol: SPIFI
   Definitions
      At line 43 in file table.s
   Uses
      At line 96 in file table.s
Comment: SPIFI used once
SSP0 00000000

Symbol: SSP0
   Definitions
      At line 35 in file table.s
   Uses
      At line 88 in file table.s
Comment: SSP0 used once
SSP1 00000000

Symbol: SSP1
   Definitions
      At line 36 in file table.s
   Uses
      At line 89 in file table.s
Comment: SSP1 used once
SVC_Handler 00000000

Symbol: SVC_Handler
   Definitions
      At line 9 in file table.s
   Uses
      At line 59 in file table.s
Comment: SVC_Handler used once
Sign_Value 00000000

Symbol: Sign_Value
   Definitions



ARM Macro Assembler    Page 5 Alphabetic symbol ordering
External symbols

      At line 8 in file table.s
   Uses
      At line 55 in file table.s
Comment: Sign_Value used once
SysTick_Handler 00000000

Symbol: SysTick_Handler
   Definitions
      At line 12 in file table.s
   Uses
      At line 63 in file table.s
Comment: SysTick_Handler used once
TIMER0 00000000

Symbol: TIMER0
   Definitions
      At line 25 in file table.s
   Uses
      At line 78 in file table.s
Comment: TIMER0 used once
TIMER1 00000000

Symbol: TIMER1
   Definitions
      At line 26 in file table.s
   Uses
      At line 79 in file table.s
Comment: TIMER1 used once
TIMER2 00000000

Symbol: TIMER2
   Definitions
      At line 27 in file table.s
   Uses
      At line 80 in file table.s
Comment: TIMER2 used once
TIMER3 00000000

Symbol: TIMER3
   Definitions
      At line 28 in file table.s
   Uses
      At line 81 in file table.s
Comment: TIMER3 used once
UART1 00000000

Symbol: UART1
   Definitions
      At line 38 in file table.s
   Uses
      At line 91 in file table.s
Comment: UART1 used once
USART0 00000000

Symbol: USART0
   Definitions
      At line 37 in file table.s
   Uses
      At line 90 in file table.s



ARM Macro Assembler    Page 6 Alphabetic symbol ordering
External symbols

Comment: USART0 used once
USART2 00000000

Symbol: USART2
   Definitions
      At line 39 in file table.s
   Uses
      At line 92 in file table.s
Comment: USART2 used once
USART3 00000000

Symbol: USART3
   Definitions
      At line 40 in file table.s
   Uses
      At line 93 in file table.s
Comment: USART3 used once
USB0 00000000

Symbol: USB0
   Definitions
      At line 21 in file table.s
   Uses
      At line 74 in file table.s
Comment: USB0 used once
USB1 00000000

Symbol: USB1
   Definitions
      At line 22 in file table.s
   Uses
      At line 75 in file table.s
Comment: USB1 used once
UsageFault_Handler 00000000

Symbol: UsageFault_Handler
   Definitions
      At line 7 in file table.s
   Uses
      At line 54 in file table.s
Comment: UsageFault_Handler used once
__initial_sp 00000000

Symbol: __initial_sp
   Definitions
      At line 1 in file table.s
   Uses
      At line 48 in file table.s
Comment: __initial_sp used once
43 symbols
375 symbols in table
