


ARM Macro Assembler    Page 1 


    1 00000000 40086C04 
                       SFSCLK1 EQU              0x40086C04
    2 00000000         
    3 00000000 5A5A5A5A 
                       Sign_Value
                               EQU              0x5A5A5A5A
    4 00000000 00000400 
                       STACK_SIZE
                               EQU              0x400
    5 00000000         
    6 00000000                 EXPORT           STACK_SIZE [WEAK]
    7 00000000                 EXPORT           Reset_Handler [WEAK]
    8 00000000                 EXPORT           NMI_Handler [WEAK]
    9 00000000                 EXPORT           HardFault_Handler [WEAK]
   10 00000000                 EXPORT           MemManage_Handler [WEAK]
   11 00000000                 EXPORT           BusFault_Handler [WEAK]
   12 00000000                 EXPORT           UsageFault_Handler [WEAK]
   13 00000000                 EXPORT           Sign_Value [WEAK]
   14 00000000                 EXPORT           SVC_Handler [WEAK]
   15 00000000                 EXPORT           DebugMon_Handler [WEAK]
   16 00000000                 EXPORT           PendSV_Handler [WEAK]
   17 00000000                 EXPORT           SysTick_Handler [WEAK]
   18 00000000         
   19 00000000                 AREA             STACK, NOINIT, READWRITE, ALIGN
=3
   20 00000000         Stack_Mem
                               SPACE            STACK_SIZE
   21 00000400         __initial_sp
   22 00000400         
   23 00000400                 AREA             beg, CODE, READONLY
   24 00000000                 ENTRY
   25 00000000         
   26 00000000         Reset_Handler
                               PROC
   27 00000000         ;Set up SCU register
   28 00000000 4806            ldr              r0,=SFSCLK1
   29 00000002 F04F 0101       mov              r1, 0x01
   30 00000006 6001            str              r1, [r0]
   31 00000008 E7FE    lp      b                lp
   32 0000000A         
   33 0000000A                 ENDP
   34 0000000A         
   35 0000000A         NMI_Handler
                               PROC
   36 0000000A E7FE            b                Reset_Handler
   37 0000000C                 ENDP
   38 0000000C         
   39 0000000C         HardFault_Handler
                               PROC
   40 0000000C E7FE            b                Reset_Handler
   41 0000000E                 ENDP
   42 0000000E         
   43 0000000E         MemManage_Handler
                               PROC
   44 0000000E E7FE            b                Reset_Handler
   45 00000010                 ENDP
   46 00000010         
   47 00000010         BusFault_Handler
                               PROC



ARM Macro Assembler    Page 2 


   48 00000010 E7FE            b                Reset_Handler
   49 00000012                 ENDP
   50 00000012         
   51 00000012         UsageFault_Handler
                               PROC
   52 00000012 E7FE            b                Reset_Handler
   53 00000014                 ENDP
   54 00000014         
   55 00000014         SVC_Handler
                               PROC
   56 00000014 E7FE            b                Reset_Handler
   57 00000016                 ENDP
   58 00000016         
   59 00000016         DebugMon_Handler
                               PROC
   60 00000016 E7FE            b                Reset_Handler
   61 00000018                 ENDP
   62 00000018         
   63 00000018         PendSV_Handler
                               PROC
   64 00000018 E7FE            b                Reset_Handler
   65 0000001A                 ENDP
   66 0000001A         
   67 0000001A         SysTick_Handler
                               PROC
   68 0000001A E7FE            b                Reset_Handler
   69 0000001C                 ENDP
   70 0000001C                 END
              40086C04 
Command Line: --debug --xref --cpu=Cortex-M4.fp --apcs=interwork --depend=Freq.
d -oFreq.o -IC:\Keil\ARM\RV31\INC -IC:\Keil\ARM\CMSIS\Include -IC:\Keil\ARM\Inc
\NXP\LPC43xx --list=Freq.lst Freq.s



ARM Macro Assembler    Page 1 Alphabetic symbol ordering
Relocatable symbols

STACK 00000000

Symbol: STACK
   Definitions
      At line 19 in file Freq.s
   Uses
      None
Comment: STACK unused
Stack_Mem 00000000

Symbol: Stack_Mem
   Definitions
      At line 20 in file Freq.s
   Uses
      None
Comment: Stack_Mem unused
__initial_sp 00000400

Symbol: __initial_sp
   Definitions
      At line 21 in file Freq.s
   Uses
      None
Comment: __initial_sp unused
3 symbols



ARM Macro Assembler    Page 1 Alphabetic symbol ordering
Relocatable symbols

BusFault_Handler 00000010

Symbol: BusFault_Handler
   Definitions
      At line 47 in file Freq.s
   Uses
      At line 11 in file Freq.s
Comment: BusFault_Handler used once
DebugMon_Handler 00000016

Symbol: DebugMon_Handler
   Definitions
      At line 59 in file Freq.s
   Uses
      At line 15 in file Freq.s
Comment: DebugMon_Handler used once
HardFault_Handler 0000000C

Symbol: HardFault_Handler
   Definitions
      At line 39 in file Freq.s
   Uses
      At line 9 in file Freq.s
Comment: HardFault_Handler used once
MemManage_Handler 0000000E

Symbol: MemManage_Handler
   Definitions
      At line 43 in file Freq.s
   Uses
      At line 10 in file Freq.s
Comment: MemManage_Handler used once
NMI_Handler 0000000A

Symbol: NMI_Handler
   Definitions
      At line 35 in file Freq.s
   Uses
      At line 8 in file Freq.s
Comment: NMI_Handler used once
PendSV_Handler 00000018

Symbol: PendSV_Handler
   Definitions
      At line 63 in file Freq.s
   Uses
      At line 16 in file Freq.s
Comment: PendSV_Handler used once
Reset_Handler 00000000

Symbol: Reset_Handler
   Definitions
      At line 26 in file Freq.s
   Uses
      At line 7 in file Freq.s
      At line 36 in file Freq.s
      At line 40 in file Freq.s
      At line 44 in file Freq.s
      At line 48 in file Freq.s



ARM Macro Assembler    Page 2 Alphabetic symbol ordering
Relocatable symbols

      At line 52 in file Freq.s
      At line 56 in file Freq.s
      At line 60 in file Freq.s
      At line 64 in file Freq.s
      At line 68 in file Freq.s

SVC_Handler 00000014

Symbol: SVC_Handler
   Definitions
      At line 55 in file Freq.s
   Uses
      At line 14 in file Freq.s
Comment: SVC_Handler used once
SysTick_Handler 0000001A

Symbol: SysTick_Handler
   Definitions
      At line 67 in file Freq.s
   Uses
      At line 17 in file Freq.s
Comment: SysTick_Handler used once
UsageFault_Handler 00000012

Symbol: UsageFault_Handler
   Definitions
      At line 51 in file Freq.s
   Uses
      At line 12 in file Freq.s
Comment: UsageFault_Handler used once
beg 00000000

Symbol: beg
   Definitions
      At line 23 in file Freq.s
   Uses
      None
Comment: beg unused
lp 00000008

Symbol: lp
   Definitions
      At line 31 in file Freq.s
   Uses
      At line 31 in file Freq.s
Comment: lp used once
12 symbols



ARM Macro Assembler    Page 1 Alphabetic symbol ordering
Absolute symbols

SFSCLK1 40086C04

Symbol: SFSCLK1
   Definitions
      At line 1 in file Freq.s
   Uses
      At line 28 in file Freq.s
Comment: SFSCLK1 used once
STACK_SIZE 00000400

Symbol: STACK_SIZE
   Definitions
      At line 4 in file Freq.s
   Uses
      At line 6 in file Freq.s
      At line 20 in file Freq.s

Sign_Value 5A5A5A5A

Symbol: Sign_Value
   Definitions
      At line 3 in file Freq.s
   Uses
      At line 13 in file Freq.s
Comment: Sign_Value used once
3 symbols
351 symbols in table
